{"numTotalTestSuites":91,"numPassedTestSuites":91,"numFailedTestSuites":0,"numPendingTestSuites":0,"numTotalTests":356,"numPassedTests":356,"numFailedTests":0,"numPendingTests":0,"numTodoTests":0,"snapshot":{"added":0,"failure":false,"filesAdded":0,"filesRemoved":0,"filesRemovedList":[],"filesUnmatched":0,"filesUpdated":0,"matched":0,"total":0,"unchecked":0,"uncheckedKeysByFile":[],"unmatched":0,"updated":0,"didUpdate":false},"startTime":1789071785048,"success":true,"testResults":[{"assertionResults":[{"ancestorTitles":["Agents.vue"],"fullName":"Agents.vue renders the agents root element","status":"passed","title":"renders the agents root element","duration":463.64890000000014,"failureMessages":[],"meta":{}},{"ancestorTitles":["Agents.vue"],"fullName":"Agents.vue renders an agent card per agent returned by the API","status":"passed","title":"renders an agent card per agent returned by the API","duration":439.7939000000006,"failureMessages":[],"meta":{}},{"ancestorTitles":["Agents.vue"],"fullName":"Agents.vue reflects agent health/enabled state in the status badge","status":"passed","title":"reflects agent health/enabled state in the status badge","duration":298.6244000000006,"failureMessages":[],"meta":{}},{"ancestorTitles":["Agents.vue"],"fullName":"Agents.vue calls diagnose endpoint when repair button is clicked","status":"passed","title":"calls diagnose endpoint when repair button is clicked","duration":282.8603000000003,"failureMessages":[],"meta":{}},{"ancestorTitles":["Agents.vue"],"fullName":"Agents.vue renders an empty grid when no agents are returned","status":"passed","title":"renders an empty grid when no agents are returned","duration":180.1789000000026,"failureMessages":[],"meta":{}},{"ancestorTitles":["Agents.vue"],"fullName":"Agents.vue does not crash when /api/agents fails","status":"passed","title":"does not crash when /api/agents fails","duration":99.43339999999444,"failureMessages":[],"meta":{}},{"ancestorTitles":["Agents.vue"],"fullName":"Agents.vue reloads agents when the header refresh button is clicked","status":"passed","title":"reloads agents when the header refresh button is clicked","duration":97.16510000000562,"failureMessages":[],"meta":{}}],"startTime":1789071817409,"endTime":1789071819271.165,"status":"passed","message":"","name":"F:/Nexus/MAOP/dashboard-enterprise/src/__tests__/Agents.test.js"},{"assertionResults":[{"ancestorTitles":["ApiKeys.vue"],"fullName":"ApiKeys.vue renders the apikeys root element","status":"passed","title":"renders the apikeys root element","duration":385.8954999999987,"failureMessages":[],"meta":{}},{"ancestorTitles":["ApiKeys.vue"],"fullName":"ApiKeys.vue renders key rows from the loaded list","status":"passed","title":"renders key rows from the loaded list","duration":489.68409999999494,"failureMessages":[],"meta":{}},{"ancestorTitles":["ApiKeys.vue"],"fullName":"ApiKeys.vue maps key_prefix, scopes and status fields onto rows","status":"passed","title":"maps key_prefix, scopes and status fields onto rows","duration":93.351800000004,"failureMessages":[],"meta":{}},{"ancestorTitles":["ApiKeys.vue"],"fullName":"ApiKeys.vue shows empty state when no keys are returned","status":"passed","title":"shows empty state when no keys are returned","duration":182.91659999999683,"failureMessages":[],"meta":{}},{"ancestorTitles":["ApiKeys.vue"],"fullName":"ApiKeys.vue shows error state when the list API fails","status":"passed","title":"shows error state when the list API fails","duration":74.95100000000093,"failureMessages":[],"meta":{}},{"ancestorTitles":["ApiKeys.vue"],"fullName":"ApiKeys.vue opens the generate dialog when the generate button is clicked","status":"passed","title":"opens the generate dialog when the generate button is clicked","duration":183.16300000000047,"failureMessages":[],"meta":{}},{"ancestorTitles":["ApiKeys.vue"],"fullName":"ApiKeys.vue generates a key and reveals the full plaintext once","status":"passed","title":"generates a key and reveals the full plaintext once","duration":395.2436000000016,"failureMessages":[],"meta":{}},{"ancestorTitles":["ApiKeys.vue"],"fullName":"ApiKeys.vue warns when generating without a name","status":"passed","title":"warns when generating without a name","duration":200.4658000000054,"failureMessages":[],"meta":{}},{"ancestorTitles":["ApiKeys.vue"],"fullName":"ApiKeys.vue opens the detail drawer when the view-detail button is clicked","status":"passed","title":"opens the detail drawer when the view-detail button is clicked","duration":203.899599999997,"failureMessages":[],"meta":{}}],"startTime":1789071817254,"endTime":1789071819464.8997,"status":"passed","message":"","name":"F:/Nexus/MAOP/dashboard-enterprise/src/__tests__/ApiKeys.test.js"},{"assertionResults":[{"ancestorTitles":["Audit.vue field mapping"],"fullName":"Audit.vue field mapping maps timestamp/severity/resource to time/level/target","status":"passed","title":"maps timestamp/severity/resource to time/level/target","duration":961.8145000000004,"failureMessages":[],"meta":{}},{"ancestorTitles":["Audit.vue field mapping"],"fullName":"Audit.vue field mapping prefers time/level/target when present and defaults level to info","status":"passed","title":"prefers time/level/target when present and defaults level to info","duration":411.5196999999971,"failureMessages":[],"meta":{}},{"ancestorTitles":["Audit.vue field mapping"],"fullName":"Audit.vue field mapping preserves extra fields spread from the original event","status":"passed","title":"preserves extra fields spread from the original event","duration":477.69750000000204,"failureMessages":[],"meta":{}},{"ancestorTitles":["Audit.vue field mapping"],"fullName":"Audit.vue field mapping sets events.error and renders EmptyState instead of DataTable on failure","status":"passed","title":"sets events.error and renders EmptyState instead of DataTable on failure","duration":278.036199999995,"failureMessages":[],"meta":{}},{"ancestorTitles":["Audit.vue enhancement"],"fullName":"Audit.vue enhancement renders 4 stat cards (today ops / high-risk / active users / anomalies)","status":"passed","title":"renders 4 stat cards (today ops / high-risk / active users / anomalies)","duration":366.4430000000066,"failureMessages":[],"meta":{}},{"ancestorTitles":["Audit.vue enhancement"],"fullName":"Audit.vue enhancement renders 3 tab options in Segmented (events / rules / history)","status":"passed","title":"renders 3 tab options in Segmented (events / rules / history)","duration":142.2471000000005,"failureMessages":[],"meta":{}},{"ancestorTitles":["Audit.vue enhancement"],"fullName":"Audit.vue enhancement filters rows by keyword search across action/actor/target/detail","status":"passed","title":"filters rows by keyword search across action/actor/target/detail","duration":313.998599999999,"failureMessages":[],"meta":{}},{"ancestorTitles":["Audit.vue enhancement"],"fullName":"Audit.vue enhancement filters rows by action select","status":"passed","title":"filters rows by action select","duration":208.42979999999807,"failureMessages":[],"meta":{}},{"ancestorTitles":["Audit.vue enhancement"],"fullName":"Audit.vue enhancement exports CSV via download Blob","status":"passed","title":"exports CSV via download Blob","duration":192.975400000003,"failureMessages":[],"meta":{}},{"ancestorTitles":["Audit.vue enhancement"],"fullName":"Audit.vue enhancement exports JSON via download Blob","status":"passed","title":"exports JSON via download Blob","duration":182.6304999999993,"failureMessages":[],"meta":{}},{"ancestorTitles":["Audit.vue enhancement"],"fullName":"Audit.vue enhancement switches to rules tab and loads alert rules","status":"passed","title":"switches to rules tab and loads alert rules","duration":325.87659999999596,"failureMessages":[],"meta":{}},{"ancestorTitles":["Audit.vue enhancement"],"fullName":"Audit.vue enhancement shows rules error EmptyState when /api/audit/rules fails","status":"passed","title":"shows rules error EmptyState when /api/audit/rules fails","duration":151.8237999999983,"failureMessages":[],"meta":{}},{"ancestorTitles":["Audit.vue enhancement"],"fullName":"Audit.vue enhancement opens rule editor drawer when create button clicked","status":"passed","title":"opens rule editor drawer when create button clicked","duration":172.9730999999956,"failureMessages":[],"meta":{}},{"ancestorTitles":["Audit.vue enhancement"],"fullName":"Audit.vue enhancement switches to history tab and loads alert history","status":"passed","title":"switches to history tab and loads alert history","duration":152.07159999999567,"failureMessages":[],"meta":{}},{"ancestorTitles":["Audit.vue enhancement"],"fullName":"Audit.vue enhancement renders heatmap table when events exist","status":"passed","title":"renders heatmap table when events exist","duration":163.50110000000132,"failureMessages":[],"meta":{}},{"ancestorTitles":["Audit.vue enhancement"],"fullName":"Audit.vue enhancement renders trend chart Card with Segmented for line/bar switch","status":"passed","title":"renders trend chart Card with Segmented for line/bar switch","duration":92.9939000000013,"failureMessages":[],"meta":{}},{"ancestorTitles":["Audit.vue enhancement"],"fullName":"Audit.vue enhancement disables export buttons when no visible rows","status":"passed","title":"disables export buttons when no visible rows","duration":75.35259999999835,"failureMessages":[],"meta":{}}],"startTime":1789071816854,"endTime":1789071821527.3525,"status":"passed","message":"","name":"F:/Nexus/MAOP/dashboard-enterprise/src/__tests__/Audit.test.js"},{"assertionResults":[{"ancestorTitles":["Chat.vue mapMsg field extraction"],"fullName":"Chat.vue mapMsg field extraction uses m.tokens directly when present","status":"passed","title":"uses m.tokens directly when present","duration":231.6166000000012,"failureMessages":[],"meta":{}},{"ancestorTitles":["Chat.vue mapMsg field extraction"],"fullName":"Chat.vue mapMsg field extraction falls back to m.token_count when m.tokens is absent","status":"passed","title":"falls back to m.token_count when m.tokens is absent","duration":260.85069999999905,"failureMessages":[],"meta":{}},{"ancestorTitles":["Chat.vue mapMsg field extraction"],"fullName":"Chat.vue mapMsg field extraction falls back to m.metadata.tokens when tokens/token_count are absent","status":"passed","title":"falls back to m.metadata.tokens when tokens/token_count are absent","duration":74.54029999999693,"failureMessages":[],"meta":{}},{"ancestorTitles":["Chat.vue mapMsg field extraction"],"fullName":"Chat.vue mapMsg field extraction omits the tokens span when no token source is available","status":"passed","title":"omits the tokens span when no token source is available","duration":90.18899999999849,"failureMessages":[],"meta":{}},{"ancestorTitles":["Chat.vue mapMsg field extraction"],"fullName":"Chat.vue mapMsg field extraction uses m.image directly when present","status":"passed","title":"uses m.image directly when present","duration":48.62450000000172,"failureMessages":[],"meta":{}},{"ancestorTitles":["Chat.vue mapMsg field extraction"],"fullName":"Chat.vue mapMsg field extraction falls back to m.metadata.image when m.image is absent","status":"passed","title":"falls back to m.metadata.image when m.image is absent","duration":145.21299999999974,"failureMessages":[],"meta":{}},{"ancestorTitles":["Chat.vue mapMsg field extraction"],"fullName":"Chat.vue mapMsg field extraction uses m.model directly when present","status":"passed","title":"uses m.model directly when present","duration":103.59589999999662,"failureMessages":[],"meta":{}},{"ancestorTitles":["Chat.vue mapMsg field extraction"],"fullName":"Chat.vue mapMsg field extraction falls back to m.metadata.model when m.model is absent","status":"passed","title":"falls back to m.metadata.model when m.model is absent","duration":105.57970000000205,"failureMessages":[],"meta":{}},{"ancestorTitles":["Chat.vue sendMessage streaming"],"fullName":"Chat.vue sendMessage streaming appends the user message and streams the assistant reply via onDone","status":"passed","title":"appends the user message and streams the assistant reply via onDone","duration":319.41799999999785,"failureMessages":[],"meta":{}},{"ancestorTitles":["Chat.vue sendMessage streaming"],"fullName":"Chat.vue sendMessage streaming appends an error message when the stream reports onError","status":"passed","title":"appends an error message when the stream reports onError","duration":162.22009999999864,"failureMessages":[],"meta":{}},{"ancestorTitles":["Chat.vue sendMessage streaming"],"fullName":"Chat.vue sendMessage streaming appends a connection error when stream() throws","status":"passed","title":"appends a connection error when stream() throws","duration":48.4088999999949,"failureMessages":[],"meta":{}},{"ancestorTitles":["Chat.vue sendMessage streaming"],"fullName":"Chat.vue sendMessage streaming does nothing when no agent is selected","status":"passed","title":"does nothing when no agent is selected","duration":43.723799999999756,"failureMessages":[],"meta":{}}],"startTime":1789071817408,"endTime":1789071819043.7239,"status":"passed","message":"","name":"F:/Nexus/MAOP/dashboard-enterprise/src/__tests__/Chat.test.js"},{"assertionResults":[{"ancestorTitles":["CommandPalette"],"fullName":"CommandPalette exposes command sources from nav (≥ 15 routes)","status":"passed","title":"exposes command sources from nav (≥ 15 routes)","duration":57.69419999999991,"failureMessages":[],"meta":{}},{"ancestorTitles":["CommandPalette"],"fullName":"CommandPalette filters commands by query","status":"passed","title":"filters commands by query","duration":14.408499999999549,"failureMessages":[],"meta":{}},{"ancestorTitles":["CommandPalette"],"fullName":"CommandPalette returns empty results for garbage query","status":"passed","title":"returns empty results for garbage query","duration":9.91859999999906,"failureMessages":[],"meta":{}},{"ancestorTitles":["CommandPalette"],"fullName":"CommandPalette keys: Cmd+K toggles open","status":"passed","title":"keys: Cmd+K toggles open","duration":9.360099999999875,"failureMessages":[],"meta":{}}],"startTime":1789071829242,"endTime":1789071829334.36,"status":"passed","message":"","name":"F:/Nexus/MAOP/dashboard-enterprise/src/__tests__/CommandPalette.test.js"},{"assertionResults":[{"ancestorTitles":["StatCard component"],"fullName":"StatCard component renders label and value","status":"passed","title":"renders label and value","duration":32.2426000000014,"failureMessages":[],"meta":{}},{"ancestorTitles":["StatCard component"],"fullName":"StatCard component renders icon when provided","status":"passed","title":"renders icon when provided","duration":23.512400000001435,"failureMessages":[],"meta":{}},{"ancestorTitles":["StatCard component"],"fullName":"StatCard component omits icon tile when no icon","status":"passed","title":"omits icon tile when no icon","duration":6.353000000000975,"failureMessages":[],"meta":{}},{"ancestorTitles":["StatCard component"],"fullName":"StatCard component applies tone prop for success/fail/warn styling","status":"passed","title":"applies tone prop for success/fail/warn styling","duration":4.333599999999933,"failureMessages":[],"meta":{}},{"ancestorTitles":["StatCard component"],"fullName":"StatCard component renders unit when provided","status":"passed","title":"renders unit when provided","duration":4.458699999999226,"failureMessages":[],"meta":{}},{"ancestorTitles":["StatCard component"],"fullName":"StatCard component renders delta with up/down class","status":"passed","title":"renders delta with up/down class","duration":13.195800000001327,"failureMessages":[],"meta":{}},{"ancestorTitles":["StatCard component"],"fullName":"StatCard component renders negative delta with is-down class","status":"passed","title":"renders negative delta with is-down class","duration":9.610899999999674,"failureMessages":[],"meta":{}},{"ancestorTitles":["StatCard component"],"fullName":"StatCard component shows skeleton when loading","status":"passed","title":"shows skeleton when loading","duration":4.629899999999907,"failureMessages":[],"meta":{}}],"startTime":1789071829226,"endTime":1789071829324.63,"status":"passed","message":"","name":"F:/Nexus/MAOP/dashboard-enterprise/src/__tests__/components.test.js"},{"assertionResults":[{"ancestorTitles":["ControlPanel.vue"],"fullName":"ControlPanel.vue renders the control-panel root element","status":"passed","title":"renders the control-panel root element","duration":214.31400000000212,"failureMessages":[],"meta":{}},{"ancestorTitles":["ControlPanel.vue"],"fullName":"ControlPanel.vue renders execution control buttons (run/pause/resume/stop)","status":"passed","title":"renders execution control buttons (run/pause/resume/stop)","duration":110.15989999999874,"failureMessages":[],"meta":{}},{"ancestorTitles":["ControlPanel.vue"],"fullName":"ControlPanel.vue renders running jobs when /api/control/status returns jobs","status":"passed","title":"renders running jobs when /api/control/status returns jobs","duration":177.45300000000134,"failureMessages":[],"meta":{}},{"ancestorTitles":["ControlPanel.vue"],"fullName":"ControlPanel.vue renders agent upgrade rows when /api/agent/upgrade returns agents","status":"passed","title":"renders agent upgrade rows when /api/agent/upgrade returns agents","duration":172.68079999999827,"failureMessages":[],"meta":{}},{"ancestorTitles":["ControlPanel.vue"],"fullName":"ControlPanel.vue does not crash when /api/control/status fails","status":"passed","title":"does not crash when /api/control/status fails","duration":99.24620000000141,"failureMessages":[],"meta":{}},{"ancestorTitles":["ControlPanel.vue"],"fullName":"ControlPanel.vue does not crash when /api/agent/upgrade fails","status":"passed","title":"does not crash when /api/agent/upgrade fails","duration":78.16509999999835,"failureMessages":[],"meta":{}}],"startTime":1789071815681,"endTime":1789071816536.165,"status":"passed","message":"","name":"F:/Nexus/MAOP/dashboard-enterprise/src/__tests__/ControlPanel.test.js"},{"assertionResults":[{"ancestorTitles":["Cost.vue"],"fullName":"Cost.vue renders the cost root element","status":"passed","title":"renders the cost root element","duration":626.0839000000014,"failureMessages":[],"meta":{}},{"ancestorTitles":["Cost.vue"],"fullName":"Cost.vue renders stat cards with loaded summary values","status":"passed","title":"renders stat cards with loaded summary values","duration":290.4558999999972,"failureMessages":[],"meta":{}},{"ancestorTitles":["Cost.vue"],"fullName":"Cost.vue reloads data when the period segmented control is switched","status":"passed","title":"reloads data when the period segmented control is switched","duration":595.6638999999996,"failureMessages":[],"meta":{}},{"ancestorTitles":["Cost.vue"],"fullName":"Cost.vue shows empty state when no agent spend is returned","status":"passed","title":"shows empty state when no agent spend is returned","duration":323.91829999999754,"failureMessages":[],"meta":{}},{"ancestorTitles":["Cost.vue"],"fullName":"Cost.vue does not crash when /api/cost/summary fails","status":"passed","title":"does not crash when /api/cost/summary fails","duration":321.5749999999971,"failureMessages":[],"meta":{}}],"startTime":1789071817264,"endTime":1789071819421.575,"status":"passed","message":"","name":"F:/Nexus/MAOP/dashboard-enterprise/src/__tests__/Cost.test.js"},{"assertionResults":[{"ancestorTitles":["Docs.vue"],"fullName":"Docs.vue renders the docs-page root element","status":"passed","title":"renders the docs-page root element","duration":493.82800000000134,"failureMessages":[],"meta":{}},{"ancestorTitles":["Docs.vue"],"fullName":"Docs.vue renders the docs-layout with sidebar and content sections","status":"passed","title":"renders the docs-layout with sidebar and content sections","duration":355.02820000000065,"failureMessages":[],"meta":{}},{"ancestorTitles":["Docs.vue"],"fullName":"Docs.vue renders documentation category headings in the sidebar","status":"passed","title":"renders documentation category headings in the sidebar","duration":92.40229999999792,"failureMessages":[],"meta":{}},{"ancestorTitles":["Docs.vue"],"fullName":"Docs.vue renders doc list items as clickable buttons","status":"passed","title":"renders doc list items as clickable buttons","duration":99.66380000000208,"failureMessages":[],"meta":{}},{"ancestorTitles":["Docs.vue"],"fullName":"Docs.vue renders either the article, loading, or empty state in the content area","status":"passed","title":"renders either the article, loading, or empty state in the content area","duration":156.92259999999806,"failureMessages":[],"meta":{}}],"startTime":1789071817384,"endTime":1789071818582.9226,"status":"passed","message":"","name":"F:/Nexus/MAOP/dashboard-enterprise/src/__tests__/Docs.test.js"},{"assertionResults":[{"ancestorTitles":["EvolutionHistory.vue"],"fullName":"EvolutionHistory.vue renders the evo-history-page root element","status":"passed","title":"renders the evo-history-page root element","duration":386.6734000000033,"failureMessages":[],"meta":{}},{"ancestorTitles":["EvolutionHistory.vue"],"fullName":"EvolutionHistory.vue renders 4 stat cards (cycles/promotions/rollbacks/pending)","status":"passed","title":"renders 4 stat cards (cycles/promotions/rollbacks/pending)","duration":183.45920000000115,"failureMessages":[],"meta":{}},{"ancestorTitles":["EvolutionHistory.vue"],"fullName":"EvolutionHistory.vue renders 4 Card sections (cycles/ab/deploy/pending)","status":"passed","title":"renders 4 Card sections (cycles/ab/deploy/pending)","duration":186.77820000000065,"failureMessages":[],"meta":{}},{"ancestorTitles":["EvolutionHistory.vue"],"fullName":"EvolutionHistory.vue renders pending approval items when /api/evolution/pending returns data","status":"passed","title":"renders pending approval items when /api/evolution/pending returns data","duration":254.49980000000141,"failureMessages":[],"meta":{}},{"ancestorTitles":["EvolutionHistory.vue"],"fullName":"EvolutionHistory.vue does not crash when all evolution endpoints fail","status":"passed","title":"does not crash when all evolution endpoints fail","duration":104.66279999999824,"failureMessages":[],"meta":{}}],"startTime":1789071816958,"endTime":1789071818074.6628,"status":"passed","message":"","name":"F:/Nexus/MAOP/dashboard-enterprise/src/__tests__/EvolutionHistory.test.js"},{"assertionResults":[{"ancestorTitles":["EvolutionTimeline"],"fullName":"EvolutionTimeline renders a node per item (3 nodes)","status":"passed","title":"renders a node per item (3 nodes)","duration":99.31900000000132,"failureMessages":[],"meta":{}},{"ancestorTitles":["EvolutionTimeline"],"fullName":"EvolutionTimeline shows versions and agent names","status":"passed","title":"shows versions and agent names","duration":41.01749999999993,"failureMessages":[],"meta":{}},{"ancestorTitles":["EvolutionTimeline"],"fullName":"EvolutionTimeline marks improved nodes with is-gain class","status":"passed","title":"marks improved nodes with is-gain class","duration":25.71060000000034,"failureMessages":[],"meta":{}},{"ancestorTitles":["EvolutionTimeline"],"fullName":"EvolutionTimeline renders empty state when no items","status":"passed","title":"renders empty state when no items","duration":11.709199999999328,"failureMessages":[],"meta":{}}],"startTime":1789071827323,"endTime":1789071827500.7092,"status":"passed","message":"","name":"F:/Nexus/MAOP/dashboard-enterprise/src/__tests__/EvolutionTimeline.test.js"},{"assertionResults":[{"ancestorTitles":["Evolve.vue"],"fullName":"Evolve.vue renders the evolve root element","status":"passed","title":"renders the evolve root element","duration":470.77980000000025,"failureMessages":[],"meta":{}},{"ancestorTitles":["Evolve.vue"],"fullName":"Evolve.vue renders per-agent stats rows when status returns by_agent data","status":"passed","title":"renders per-agent stats rows when status returns by_agent data","duration":331.45150000000285,"failureMessages":[],"meta":{}},{"ancestorTitles":["Evolve.vue"],"fullName":"Evolve.vue POSTs to /api/evolve/analyze when the trigger button is clicked","status":"passed","title":"POSTs to /api/evolve/analyze when the trigger button is clicked","duration":752.8636999999981,"failureMessages":[],"meta":{}},{"ancestorTitles":["Evolve.vue"],"fullName":"Evolve.vue shows empty state when no agent stats are returned","status":"passed","title":"shows empty state when no agent stats are returned","duration":224.01670000000013,"failureMessages":[],"meta":{}},{"ancestorTitles":["Evolve.vue"],"fullName":"Evolve.vue does not crash when /api/evolve/status fails","status":"passed","title":"does not crash when /api/evolve/status fails","duration":215.50100000000384,"failureMessages":[],"meta":{}}],"startTime":1789071817251,"endTime":1789071819250.501,"status":"passed","message":"","name":"F:/Nexus/MAOP/dashboard-enterprise/src/__tests__/Evolve.test.js"},{"assertionResults":[{"ancestorTitles":["FilterBar"],"fullName":"FilterBar renders search input and selects from schema","status":"passed","title":"renders search input and selects from schema","duration":50.58690000000024,"failureMessages":[],"meta":{}},{"ancestorTitles":["FilterBar"],"fullName":"FilterBar renders an option set only when options exist (empty options → no select)","status":"passed","title":"renders an option set only when options exist (empty options → no select)","duration":9.683399999999892,"failureMessages":[],"meta":{}},{"ancestorTitles":["FilterBar"],"fullName":"FilterBar mutates modelValue object on input (no emit needed)","status":"passed","title":"mutates modelValue object on input (no emit needed)","duration":15.989400000000387,"failureMessages":[],"meta":{}},{"ancestorTitles":["FilterBar"],"fullName":"FilterBar mutates modelValue on select change","status":"passed","title":"mutates modelValue on select change","duration":9.406599999998434,"failureMessages":[],"meta":{}}],"startTime":1789071829975,"endTime":1789071830060.4065,"status":"passed","message":"","name":"F:/Nexus/MAOP/dashboard-enterprise/src/__tests__/FilterBar.test.js"},{"assertionResults":[{"ancestorTitles":["Settings.vue Hook 管理 Tab"],"fullName":"Settings.vue Hook 管理 Tab renders the Hook Management tab button","status":"passed","title":"renders the Hook Management tab button","duration":391.42029999999795,"failureMessages":[],"meta":{}},{"ancestorTitles":["Settings.vue Hook 管理 Tab"],"fullName":"Settings.vue Hook 管理 Tab shows hooks panel when hooks tab is clicked","status":"passed","title":"shows hooks panel when hooks tab is clicked","duration":296.53340000000026,"failureMessages":[],"meta":{}},{"ancestorTitles":["Settings.vue Hook 管理 Tab"],"fullName":"Settings.vue Hook 管理 Tab renders hook list table with loaded hooks","status":"passed","title":"renders hook list table with loaded hooks","duration":382.8970999999947,"failureMessages":[],"meta":{}},{"ancestorTitles":["Settings.vue Hook 管理 Tab"],"fullName":"Settings.vue Hook 管理 Tab shows empty state when no hooks","status":"passed","title":"shows empty state when no hooks","duration":254.24369999999908,"failureMessages":[],"meta":{}},{"ancestorTitles":["Settings.vue Hook 管理 Tab"],"fullName":"Settings.vue Hook 管理 Tab opens create dialog when New Hook button is clicked","status":"passed","title":"opens create dialog when New Hook button is clicked","duration":303.12139999999636,"failureMessages":[],"meta":{}},{"ancestorTitles":["Settings.vue Hook 管理 Tab"],"fullName":"Settings.vue Hook 管理 Tab submits create form and calls POST /api/hooks","status":"passed","title":"submits create form and calls POST /api/hooks","duration":192.67679999999382,"failureMessages":[],"meta":{}},{"ancestorTitles":["Settings.vue Hook 管理 Tab"],"fullName":"Settings.vue Hook 管理 Tab opens edit dialog with hook data when Edit button is clicked","status":"passed","title":"opens edit dialog with hook data when Edit button is clicked","duration":102.31070000000182,"failureMessages":[],"meta":{}},{"ancestorTitles":["Settings.vue Hook 管理 Tab"],"fullName":"Settings.vue Hook 管理 Tab calls DELETE /api/hooks/{id} when Delete is confirmed","status":"passed","title":"calls DELETE /api/hooks/{id} when Delete is confirmed","duration":111.92960000000312,"failureMessages":[],"meta":{}},{"ancestorTitles":["Settings.vue Hook 管理 Tab"],"fullName":"Settings.vue Hook 管理 Tab toggles hook enabled state via enable/disable endpoint","status":"passed","title":"toggles hook enabled state via enable/disable endpoint","duration":110.79299999999785,"failureMessages":[],"meta":{}},{"ancestorTitles":["Settings.vue Hook 管理 Tab"],"fullName":"Settings.vue Hook 管理 Tab populates event select with options from /api/hooks/events","status":"passed","title":"populates event select with options from /api/hooks/events","duration":122.31219999999303,"failureMessages":[],"meta":{}},{"ancestorTitles":["Settings.vue Hook 管理 Tab"],"fullName":"Settings.vue Hook 管理 Tab calls POST /api/hooks/{id}/test when Test button is clicked","status":"passed","title":"calls POST /api/hooks/{id}/test when Test button is clicked","duration":133.4968000000008,"failureMessages":[],"meta":{}}],"startTime":1789071817385,"endTime":1789071819788.4968,"status":"passed","message":"","name":"F:/Nexus/MAOP/dashboard-enterprise/src/__tests__/HooksSettings.test.js"},{"assertionResults":[{"ancestorTitles":["i18n t() interpolation"],"fullName":"i18n t() interpolation replaces {name} placeholder with params.name","status":"passed","title":"replaces {name} placeholder with params.name","duration":11.228900000000067,"failureMessages":[],"meta":{}},{"ancestorTitles":["i18n t() interpolation"],"fullName":"i18n t() interpolation returns the raw string when no params are given","status":"passed","title":"returns the raw string when no params are given","duration":2.8118000000013126,"failureMessages":[],"meta":{}},{"ancestorTitles":["i18n t() interpolation"],"fullName":"i18n t() interpolation returns the key itself when the key is missing from the dictionary","status":"passed","title":"returns the key itself when the key is missing from the dictionary","duration":1.085800000000745,"failureMessages":[],"meta":{}},{"ancestorTitles":["i18n t() interpolation"],"fullName":"i18n t() interpolation keeps placeholder as-is when the matching param is missing","status":"passed","title":"keeps placeholder as-is when the matching param is missing","duration":0.9360000000015134,"failureMessages":[],"meta":{}},{"ancestorTitles":["i18n t() interpolation"],"fullName":"i18n t() interpolation replaces multiple placeholders in one string","status":"passed","title":"replaces multiple placeholders in one string","duration":0.6105999999999767,"failureMessages":[],"meta":{}},{"ancestorTitles":["i18n t() interpolation"],"fullName":"i18n t() interpolation stringifies non-string param values during replacement","status":"passed","title":"stringifies non-string param values during replacement","duration":0.7569999999996071,"failureMessages":[],"meta":{}},{"ancestorTitles":["i18n t() interpolation"],"fullName":"i18n t() interpolation treats null param value as missing (keeps placeholder)","status":"passed","title":"treats null param value as missing (keeps placeholder)","duration":0.661099999999351,"failureMessages":[],"meta":{}}],"startTime":1789071829960,"endTime":1789071829978.6611,"status":"passed","message":"","name":"F:/Nexus/MAOP/dashboard-enterprise/src/__tests__/i18n.test.js"},{"assertionResults":[{"ancestorTitles":["KnowledgeGraph.vue"],"fullName":"KnowledgeGraph.vue renders the knowledge graph root element","status":"passed","title":"renders the knowledge graph root element","duration":238.34969999999885,"failureMessages":[],"meta":{}},{"ancestorTitles":["KnowledgeGraph.vue"],"fullName":"KnowledgeGraph.vue renders the filter panel with 4 node type checkboxes","status":"passed","title":"renders the filter panel with 4 node type checkboxes","duration":52.05870000000141,"failureMessages":[],"meta":{}},{"ancestorTitles":["KnowledgeGraph.vue"],"fullName":"KnowledgeGraph.vue renders the graph canvas area","status":"passed","title":"renders the graph canvas area","duration":50.64249999999811,"failureMessages":[],"meta":{}},{"ancestorTitles":["KnowledgeGraph.vue"],"fullName":"KnowledgeGraph.vue renders the timeline panel","status":"passed","title":"renders the timeline panel","duration":65.90619999999763,"failureMessages":[],"meta":{}},{"ancestorTitles":["KnowledgeGraph.vue"],"fullName":"KnowledgeGraph.vue displays node and edge counts in the toolbar","status":"passed","title":"displays node and edge counts in the toolbar","duration":47.17820000000211,"failureMessages":[],"meta":{}},{"ancestorTitles":["KnowledgeGraph.vue"],"fullName":"KnowledgeGraph.vue shows empty state when graph has no nodes","status":"passed","title":"shows empty state when graph has no nodes","duration":66.34950000000026,"failureMessages":[],"meta":{}},{"ancestorTitles":["KnowledgeGraph.vue"],"fullName":"KnowledgeGraph.vue shows error banner when API fails","status":"passed","title":"shows error banner when API fails","duration":169.91730000000098,"failureMessages":[],"meta":{}},{"ancestorTitles":["KnowledgeGraph.vue"],"fullName":"KnowledgeGraph.vue toggling a node type checkbox updates the filter","status":"passed","title":"toggling a node type checkbox updates the filter","duration":129.7428,"failureMessages":[],"meta":{}},{"ancestorTitles":["KnowledgeGraph.vue"],"fullName":"KnowledgeGraph.vue typing in the search box updates the search keyword","status":"passed","title":"typing in the search box updates the search keyword","duration":96.41119999999864,"failureMessages":[],"meta":{}},{"ancestorTitles":["KnowledgeGraph.vue"],"fullName":"KnowledgeGraph.vue clicking refresh re-fetches the graph","status":"passed","title":"clicking refresh re-fetches the graph","duration":46.28399999999965,"failureMessages":[],"meta":{}},{"ancestorTitles":["KnowledgeGraph.vue"],"fullName":"KnowledgeGraph.vue renders the limit input with default 500","status":"passed","title":"renders the limit input with default 500","duration":134.8667000000023,"failureMessages":[],"meta":{}},{"ancestorTitles":["KnowledgeGraph.vue"],"fullName":"KnowledgeGraph.vue renders the min confidence range input","status":"passed","title":"renders the min confidence range input","duration":29.3266999999978,"failureMessages":[],"meta":{}},{"ancestorTitles":["useKnowledgeGraph composable"],"fullName":"useKnowledgeGraph composable computeReachablePath returns BFS-reachable node ids","status":"passed","title":"computeReachablePath returns BFS-reachable node ids","duration":0.9886999999980617,"failureMessages":[],"meta":{}},{"ancestorTitles":["useKnowledgeGraph composable"],"fullName":"useKnowledgeGraph composable computeReachablePath respects maxDepth","status":"passed","title":"computeReachablePath respects maxDepth","duration":0.5129999999990105,"failureMessages":[],"meta":{}},{"ancestorTitles":["useKnowledgeGraph composable"],"fullName":"useKnowledgeGraph composable computeShortestPath finds the shortest path","status":"passed","title":"computeShortestPath finds the shortest path","duration":0.7968000000000757,"failureMessages":[],"meta":{}},{"ancestorTitles":["useKnowledgeGraph composable"],"fullName":"useKnowledgeGraph composable computeShortestPath returns null when no path","status":"passed","title":"computeShortestPath returns null when no path","duration":0.33259999999791034,"failureMessages":[],"meta":{}},{"ancestorTitles":["useKnowledgeGraph composable"],"fullName":"useKnowledgeGraph composable toVisNode maps node to vis-network DTO with type-based style","status":"passed","title":"toVisNode maps node to vis-network DTO with type-based style","duration":0.5184000000008382,"failureMessages":[],"meta":{}},{"ancestorTitles":["useKnowledgeGraph composable"],"fullName":"useKnowledgeGraph composable toVisEdge maps edge to vis-network DTO with type-based style","status":"passed","title":"toVisEdge maps edge to vis-network DTO with type-based style","duration":0.4786000000021886,"failureMessages":[],"meta":{}},{"ancestorTitles":["useKnowledgeGraph composable"],"fullName":"useKnowledgeGraph composable useKnowledgeGraph initializes with default state","status":"passed","title":"useKnowledgeGraph initializes with default state","duration":2.2110000000029686,"failureMessages":[],"meta":{}},{"ancestorTitles":["useKnowledgeGraph composable"],"fullName":"useKnowledgeGraph composable toggleType adds and removes types","status":"passed","title":"toggleType adds and removes types","duration":0.7752999999975145,"failureMessages":[],"meta":{}},{"ancestorTitles":["useKnowledgeGraph composable"],"fullName":"useKnowledgeGraph composable resetFilters restores defaults","status":"passed","title":"resetFilters restores defaults","duration":0.683099999998376,"failureMessages":[],"meta":{}}],"startTime":1789071816843,"endTime":1789071817979.683,"status":"passed","message":"","name":"F:/Nexus/MAOP/dashboard-enterprise/src/__tests__/KnowledgeGraph.test.js"},{"assertionResults":[{"ancestorTitles":["Licenses.vue"],"fullName":"Licenses.vue renders the licenses root element","status":"passed","title":"renders the licenses root element","duration":588.2942000000003,"failureMessages":[],"meta":{}},{"ancestorTitles":["Licenses.vue"],"fullName":"Licenses.vue renders DataTable with loaded licenses","status":"passed","title":"renders DataTable with loaded licenses","duration":282.8258999999998,"failureMessages":[],"meta":{}},{"ancestorTitles":["Licenses.vue"],"fullName":"Licenses.vue masks the license key in the table (maop_xxxx_****)","status":"passed","title":"masks the license key in the table (maop_xxxx_****)","duration":200.36910000000353,"failureMessages":[],"meta":{}},{"ancestorTitles":["Licenses.vue"],"fullName":"Licenses.vue shows empty state when no licenses","status":"passed","title":"shows empty state when no licenses","duration":122.27760000000126,"failureMessages":[],"meta":{}},{"ancestorTitles":["Licenses.vue"],"fullName":"Licenses.vue shows inline error when list API fails","status":"passed","title":"shows inline error when list API fails","duration":179.70470000000205,"failureMessages":[],"meta":{}},{"ancestorTitles":["Licenses.vue"],"fullName":"Licenses.vue renders three StatCards for totals","status":"passed","title":"renders three StatCards for totals","duration":83.87299999999959,"failureMessages":[],"meta":{}},{"ancestorTitles":["Licenses.vue"],"fullName":"Licenses.vue opens generate dialog when Generate button is clicked","status":"passed","title":"opens generate dialog when Generate button is clicked","duration":202.71699999999691,"failureMessages":[],"meta":{}},{"ancestorTitles":["Licenses.vue"],"fullName":"Licenses.vue shows form validation error when customer name is empty","status":"passed","title":"shows form validation error when customer name is empty","duration":164.56319999999687,"failureMessages":[],"meta":{}},{"ancestorTitles":["Licenses.vue"],"fullName":"Licenses.vue posts to /api/licenses/create on valid submit","status":"passed","title":"posts to /api/licenses/create on valid submit","duration":158.39779999999882,"failureMessages":[],"meta":{}},{"ancestorTitles":["Licenses.vue"],"fullName":"Licenses.vue opens detail drawer when a table row is clicked","status":"passed","title":"opens detail drawer when a table row is clicked","duration":135.85220000000118,"failureMessages":[],"meta":{}},{"ancestorTitles":["Licenses.vue"],"fullName":"Licenses.vue applies success tone (green) for trial status","status":"passed","title":"applies success tone (green) for trial status","duration":65.99029999999766,"failureMessages":[],"meta":{}},{"ancestorTitles":["Licenses.vue"],"fullName":"Licenses.vue applies info tone (blue) for active status","status":"passed","title":"applies info tone (blue) for active status","duration":74.05070000000705,"failureMessages":[],"meta":{}},{"ancestorTitles":["Licenses.vue"],"fullName":"Licenses.vue applies fail tone (red) for expired status","status":"passed","title":"applies fail tone (red) for expired status","duration":98.90159999999742,"failureMessages":[],"meta":{}},{"ancestorTitles":["Licenses.vue"],"fullName":"Licenses.vue applies warn tone (orange) for revoked status","status":"passed","title":"applies warn tone (orange) for revoked status","duration":47.7071999999971,"failureMessages":[],"meta":{}}],"startTime":1789071817425,"endTime":1789071819831.7073,"status":"passed","message":"","name":"F:/Nexus/MAOP/dashboard-enterprise/src/__tests__/Licenses.test.js"},{"assertionResults":[{"ancestorTitles":["ListPageLayout"],"fullName":"ListPageLayout renders content slot in happy path","status":"passed","title":"renders content slot in happy path","duration":52.38979999999901,"failureMessages":[],"meta":{}},{"ancestorTitles":["ListPageLayout"],"fullName":"ListPageLayout shows skeleton while loading (content hidden)","status":"passed","title":"shows skeleton while loading (content hidden)","duration":15.882400000000416,"failureMessages":[],"meta":{}},{"ancestorTitles":["ListPageLayout"],"fullName":"ListPageLayout renders error slot when error present","status":"passed","title":"renders error slot when error present","duration":12.019399999999223,"failureMessages":[],"meta":{}},{"ancestorTitles":["ListPageLayout"],"fullName":"ListPageLayout renders fallback empty state when empty and no itemsEmpty slot","status":"passed","title":"renders fallback empty state when empty and no itemsEmpty slot","duration":10.386900000001333,"failureMessages":[],"meta":{}},{"ancestorTitles":["ListPageLayout"],"fullName":"ListPageLayout prefers itemsEmpty slot over fallback","status":"passed","title":"prefers itemsEmpty slot over fallback","duration":11.461600000000544,"failureMessages":[],"meta":{}}],"startTime":1789071830081,"endTime":1789071830183.4617,"status":"passed","message":"","name":"F:/Nexus/MAOP/dashboard-enterprise/src/__tests__/ListPageLayout.test.js"},{"assertionResults":[{"ancestorTitles":["Logs.vue"],"fullName":"Logs.vue renders the logs root element","status":"passed","title":"renders the logs root element","duration":435.05769999999757,"failureMessages":[],"meta":{}},{"ancestorTitles":["Logs.vue"],"fullName":"Logs.vue renders a log line per entry returned by the API","status":"passed","title":"renders a log line per entry returned by the API","duration":266.33309999999983,"failureMessages":[],"meta":{}},{"ancestorTitles":["Logs.vue"],"fullName":"Logs.vue filters log lines by the search input","status":"passed","title":"filters log lines by the search input","duration":256.6169000000009,"failureMessages":[],"meta":{}},{"ancestorTitles":["Logs.vue"],"fullName":"Logs.vue shows empty state when no logs are returned","status":"passed","title":"shows empty state when no logs are returned","duration":320.5747999999985,"failureMessages":[],"meta":{}},{"ancestorTitles":["Logs.vue"],"fullName":"Logs.vue does not crash when /api/logs fails","status":"passed","title":"does not crash when /api/logs fails","duration":83.31500000000233,"failureMessages":[],"meta":{}}],"startTime":1789071817264,"endTime":1789071818626.315,"status":"passed","message":"","name":"F:/Nexus/MAOP/dashboard-enterprise/src/__tests__/Logs.test.js"},{"assertionResults":[{"ancestorTitles":["Models.vue reactive→ref usage"],"fullName":"Models.vue reactive→ref usage loads models into the models ref and renders modelRows","status":"passed","title":"loads models into the models ref and renders modelRows","duration":792.7157000000007,"failureMessages":[],"meta":{}},{"ancestorTitles":["Models.vue reactive→ref usage"],"fullName":"Models.vue reactive→ref usage loads providers into the providers ref and renders providerRows","status":"passed","title":"loads providers into the providers ref and renders providerRows","duration":606.8122999999978,"failureMessages":[],"meta":{}},{"ancestorTitles":["Models.vue reactive→ref usage"],"fullName":"Models.vue reactive→ref usage loads agents into the agents ref and renders agentRows","status":"passed","title":"loads agents into the agents ref and renders agentRows","duration":352.66479999999865,"failureMessages":[],"meta":{}},{"ancestorTitles":["Models.vue reactive→ref usage"],"fullName":"Models.vue reactive→ref usage loads policies into the policies ref and renders policyRows","status":"passed","title":"loads policies into the policies ref and renders policyRows","duration":218.56179999999586,"failureMessages":[],"meta":{}},{"ancestorTitles":["Models.vue reactive→ref usage"],"fullName":"Models.vue reactive→ref usage loads registry stats into the registry reactive and renders StatCards","status":"passed","title":"loads registry stats into the registry reactive and renders StatCards","duration":109.62399999999616,"failureMessages":[],"meta":{}},{"ancestorTitles":["Models.vue reactive→ref usage"],"fullName":"Models.vue reactive→ref usage ref reassignment on reload updates the rendered rows","status":"passed","title":"ref reassignment on reload updates the rendered rows","duration":355.0306999999957,"failureMessages":[],"meta":{}}],"startTime":1789071817255,"endTime":1789071819692.0308,"status":"passed","message":"","name":"F:/Nexus/MAOP/dashboard-enterprise/src/__tests__/Models.test.js"},{"assertionResults":[{"ancestorTitles":["Monitor.vue"],"fullName":"Monitor.vue renders the monitor root element","status":"passed","title":"renders the monitor root element","duration":422.2678999999989,"failureMessages":[],"meta":{}},{"ancestorTitles":["Monitor.vue"],"fullName":"Monitor.vue renders metric cards with loaded values","status":"passed","title":"renders metric cards with loaded values","duration":337.47699999999895,"failureMessages":[],"meta":{}},{"ancestorTitles":["Monitor.vue"],"fullName":"Monitor.vue shows SSE disconnected indicator by default","status":"passed","title":"shows SSE disconnected indicator by default","duration":264.8078999999998,"failureMessages":[],"meta":{}},{"ancestorTitles":["Monitor.vue"],"fullName":"Monitor.vue shows SSE connected indicator when realtime store is connected","status":"passed","title":"shows SSE connected indicator when realtime store is connected","duration":260.69550000000163,"failureMessages":[],"meta":{}},{"ancestorTitles":["Monitor.vue"],"fullName":"Monitor.vue switches to the maintenance tab on tab click","status":"passed","title":"switches to the maintenance tab on tab click","duration":330.51780000000144,"failureMessages":[],"meta":{}},{"ancestorTitles":["Monitor.vue"],"fullName":"Monitor.vue shows empty agent-status state when live data has no agents","status":"passed","title":"shows empty agent-status state when live data has no agents","duration":181.78729999999632,"failureMessages":[],"meta":{}},{"ancestorTitles":["Monitor.vue"],"fullName":"Monitor.vue does not crash when /api/health fails","status":"passed","title":"does not crash when /api/health fails","duration":140.68700000000536,"failureMessages":[],"meta":{}}],"startTime":1789071817386,"endTime":1789071819324.687,"status":"passed","message":"","name":"F:/Nexus/MAOP/dashboard-enterprise/src/__tests__/Monitor.test.js"},{"assertionResults":[{"ancestorTitles":["Notifications.vue"],"fullName":"Notifications.vue renders the notifications root element","status":"passed","title":"renders the notifications root element","duration":396.10759999999937,"failureMessages":[],"meta":{}},{"ancestorTitles":["Notifications.vue"],"fullName":"Notifications.vue renders notification items from loaded data","status":"passed","title":"renders notification items from loaded data","duration":373.8749000000025,"failureMessages":[],"meta":{}},{"ancestorTitles":["Notifications.vue"],"fullName":"Notifications.vue shows unread count as the first StatCard value","status":"passed","title":"shows unread count as the first StatCard value","duration":87.08290000000125,"failureMessages":[],"meta":{}},{"ancestorTitles":["Notifications.vue"],"fullName":"Notifications.vue marks a notification as read when the mark-read button is clicked","status":"passed","title":"marks a notification as read when the mark-read button is clicked","duration":207.20830000000205,"failureMessages":[],"meta":{}},{"ancestorTitles":["Notifications.vue"],"fullName":"Notifications.vue shows empty state when no notifications are returned","status":"passed","title":"shows empty state when no notifications are returned","duration":142.69930000000022,"failureMessages":[],"meta":{}},{"ancestorTitles":["Notifications.vue"],"fullName":"Notifications.vue shows error state when the list API fails","status":"passed","title":"shows error state when the list API fails","duration":140.41909999999916,"failureMessages":[],"meta":{}},{"ancestorTitles":["Notifications.vue"],"fullName":"Notifications.vue opens the detail drawer when a notification row is clicked","status":"passed","title":"opens the detail drawer when a notification row is clicked","duration":193.66089999999895,"failureMessages":[],"meta":{}},{"ancestorTitles":["Notifications.vue"],"fullName":"Notifications.vue marks all notifications as read when the mark-all-read button is clicked","status":"passed","title":"marks all notifications as read when the mark-all-read button is clicked","duration":173.40850000000137,"failureMessages":[],"meta":{}},{"ancestorTitles":["Notifications.vue"],"fullName":"Notifications.vue opens the preferences modal and loads channels","status":"passed","title":"opens the preferences modal and loads channels","duration":254.51390000000174,"failureMessages":[],"meta":{}},{"ancestorTitles":["Notifications.vue"],"fullName":"Notifications.vue filters notifications by level select","status":"passed","title":"filters notifications by level select","duration":182.0665999999983,"failureMessages":[],"meta":{}},{"ancestorTitles":["Notifications.vue"],"fullName":"Notifications.vue deletes a notification when the delete button is clicked","status":"passed","title":"deletes a notification when the delete button is clicked","duration":153.30829999999696,"failureMessages":[],"meta":{}},{"ancestorTitles":["Notifications.vue"],"fullName":"Notifications.vue renders level and category badges inside each row","status":"passed","title":"renders level and category badges inside each row","duration":130.30490000000282,"failureMessages":[],"meta":{}}],"startTime":1789071816905,"endTime":1789071819341.305,"status":"passed","message":"","name":"F:/Nexus/MAOP/dashboard-enterprise/src/__tests__/Notifications.test.js"},{"assertionResults":[{"ancestorTitles":["Observability.vue"],"fullName":"Observability.vue renders the observability-page root element","status":"passed","title":"renders the observability-page root element","duration":447.226200000001,"failureMessages":[],"meta":{}},{"ancestorTitles":["Observability.vue"],"fullName":"Observability.vue renders the edition and tracing badges in the header","status":"passed","title":"renders the edition and tracing badges in the header","duration":223.19710000000123,"failureMessages":[],"meta":{}},{"ancestorTitles":["Observability.vue"],"fullName":"Observability.vue renders 4 summary stat cards in the metrics grid","status":"passed","title":"renders 4 summary stat cards in the metrics grid","duration":207.55969999999797,"failureMessages":[],"meta":{}},{"ancestorTitles":["Observability.vue"],"fullName":"Observability.vue renders the pipeline status list with 5 rows","status":"passed","title":"renders the pipeline status list with 5 rows","duration":222.48729999999705,"failureMessages":[],"meta":{}},{"ancestorTitles":["Observability.vue"],"fullName":"Observability.vue renders the canonical metrics table with 4 metric rows","status":"passed","title":"renders the canonical metrics table with 4 metric rows","duration":128.41330000000016,"failureMessages":[],"meta":{}},{"ancestorTitles":["Observability.vue"],"fullName":"Observability.vue renders health check rows when /api/observability/health returns checks","status":"passed","title":"renders health check rows when /api/observability/health returns checks","duration":128.5424000000021,"failureMessages":[],"meta":{}},{"ancestorTitles":["Observability.vue"],"fullName":"Observability.vue does not crash when all observability endpoints fail","status":"passed","title":"does not crash when all observability endpoints fail","duration":243.45769999999902,"failureMessages":[],"meta":{}}],"startTime":1789071817385,"endTime":1789071818987.4578,"status":"passed","message":"","name":"F:/Nexus/MAOP/dashboard-enterprise/src/__tests__/Observability.test.js"},{"assertionResults":[{"ancestorTitles":["Overview.vue"],"fullName":"Overview.vue renders the overview root element","status":"passed","title":"renders the overview root element","duration":832.4947000000029,"failureMessages":[],"meta":{}},{"ancestorTitles":["Overview.vue"],"fullName":"Overview.vue shows skeleton loading state on first mount","status":"passed","title":"shows skeleton loading state on first mount","duration":513.7091999999975,"failureMessages":[],"meta":{}},{"ancestorTitles":["Overview.vue"],"fullName":"Overview.vue renders key data points after load","status":"passed","title":"renders key data points after load","duration":330.1513999999952,"failureMessages":[],"meta":{}},{"ancestorTitles":["Overview.vue"],"fullName":"Overview.vue handles empty data without crashing and shows chart EmptyState","status":"passed","title":"handles empty data without crashing and shows chart EmptyState","duration":198.33579999999347,"failureMessages":[],"meta":{}},{"ancestorTitles":["Overview.vue"],"fullName":"Overview.vue shows error card when /api/overview fails","status":"passed","title":"shows error card when /api/overview fails","duration":156.5063999999984,"failureMessages":[],"meta":{}},{"ancestorTitles":["Overview.vue"],"fullName":"Overview.vue reloads data when refresh button is clicked","status":"passed","title":"reloads data when refresh button is clicked","duration":212.4855000000025,"failureMessages":[],"meta":{}}],"startTime":1789071817420,"endTime":1789071819664.4856,"status":"passed","message":"","name":"F:/Nexus/MAOP/dashboard-enterprise/src/__tests__/Overview.test.js"},{"assertionResults":[{"ancestorTitles":["Quotas.vue"],"fullName":"Quotas.vue renders the quotas root element","status":"passed","title":"renders the quotas root element","duration":780.2776000000013,"failureMessages":[],"meta":{}},{"ancestorTitles":["Quotas.vue"],"fullName":"Quotas.vue renders tenant quota cards from loaded data","status":"passed","title":"renders tenant quota cards from loaded data","duration":350.9375,"failureMessages":[],"meta":{}},{"ancestorTitles":["Quotas.vue"],"fullName":"Quotas.vue renders usage progress bars with three-tone classes","status":"passed","title":"renders usage progress bars with three-tone classes","duration":300.7127000000037,"failureMessages":[],"meta":{}},{"ancestorTitles":["Quotas.vue"],"fullName":"Quotas.vue renders overview heatmap cells for each tenant and resource","status":"passed","title":"renders overview heatmap cells for each tenant and resource","duration":202.05389999999898,"failureMessages":[],"meta":{}},{"ancestorTitles":["Quotas.vue"],"fullName":"Quotas.vue marks over-quota tenant card and heatmap cell with over class","status":"passed","title":"marks over-quota tenant card and heatmap cell with over class","duration":185.83400000000256,"failureMessages":[],"meta":{}},{"ancestorTitles":["Quotas.vue"],"fullName":"Quotas.vue shows empty state when no tenants","status":"passed","title":"shows empty state when no tenants","duration":52.62340000000404,"failureMessages":[],"meta":{}},{"ancestorTitles":["Quotas.vue"],"fullName":"Quotas.vue shows error state when tenant list API fails","status":"passed","title":"shows error state when tenant list API fails","duration":56.77049999999872,"failureMessages":[],"meta":{}},{"ancestorTitles":["Quotas.vue"],"fullName":"Quotas.vue opens detail drawer on view detail click and renders alerts","status":"passed","title":"opens detail drawer on view detail click and renders alerts","duration":244.50660000000062,"failureMessages":[],"meta":{}},{"ancestorTitles":["Quotas.vue"],"fullName":"Quotas.vue renders quota change history in detail drawer","status":"passed","title":"renders quota change history in detail drawer","duration":194.66359999999986,"failureMessages":[],"meta":{}},{"ancestorTitles":["Quotas.vue"],"fullName":"Quotas.vue opens adjust quota modal and saves via POST","status":"passed","title":"opens adjust quota modal and saves via POST","duration":215.20560000000114,"failureMessages":[],"meta":{}},{"ancestorTitles":["Quotas.vue"],"fullName":"Quotas.vue resolves an alert via POST","status":"passed","title":"resolves an alert via POST","duration":151.99990000000253,"failureMessages":[],"meta":{}}],"startTime":1789071817243,"endTime":1789071819981,"status":"passed","message":"","name":"F:/Nexus/MAOP/dashboard-enterprise/src/__tests__/Quotas.test.js"},{"assertionResults":[{"ancestorTitles":["RBAC.vue"],"fullName":"RBAC.vue renders the rbac root element","status":"passed","title":"renders the rbac root element","duration":439.4424999999974,"failureMessages":[],"meta":{}},{"ancestorTitles":["RBAC.vue"],"fullName":"RBAC.vue renders role cards from loaded roles","status":"passed","title":"renders role cards from loaded roles","duration":316.8797999999988,"failureMessages":[],"meta":{}},{"ancestorTitles":["RBAC.vue"],"fullName":"RBAC.vue renders the permission matrix table","status":"passed","title":"renders the permission matrix table","duration":135.96650000000227,"failureMessages":[],"meta":{}},{"ancestorTitles":["RBAC.vue"],"fullName":"RBAC.vue shows empty state when no grants and no permissions","status":"passed","title":"shows empty state when no grants and no permissions","duration":57.40890000000218,"failureMessages":[],"meta":{}},{"ancestorTitles":["RBAC.vue"],"fullName":"RBAC.vue shows inline error when roles API fails","status":"passed","title":"shows inline error when roles API fails","duration":40.71280000000115,"failureMessages":[],"meta":{}}],"startTime":1789071817254,"endTime":1789071818244.713,"status":"passed","message":"","name":"F:/Nexus/MAOP/dashboard-enterprise/src/__tests__/RBAC.test.js"},{"assertionResults":[{"ancestorTitles":["Router"],"fullName":"Router has all expected named routes (IA-2026-09)","status":"passed","title":"has all expected named routes (IA-2026-09)","duration":5.765299999999115,"failureMessages":[],"meta":{}},{"ancestorTitles":["Router"],"fullName":"Router overview lives under /home (IA root)","status":"passed","title":"overview lives under /home (IA root)","duration":0.6849000000001979,"failureMessages":[],"meta":{}},{"ancestorTitles":["Router"],"fullName":"Router legacy paths redirect into the 5 groups (deep-link compat)","status":"passed","title":"legacy paths redirect into the 5 groups (deep-link compat)","duration":1.4401999999990949,"failureMessages":[],"meta":{}},{"ancestorTitles":["Router"],"fullName":"Router knowledge-graph route has no enterprise guard","status":"passed","title":"knowledge-graph route has no enterprise guard","duration":0.33909999999923457,"failureMessages":[],"meta":{}}],"startTime":1789071829805,"endTime":1789071829813.4402,"status":"passed","message":"","name":"F:/Nexus/MAOP/dashboard-enterprise/src/__tests__/router.test.js"},{"assertionResults":[{"ancestorTitles":["Run.vue"],"fullName":"Run.vue renders the run-view root element","status":"passed","title":"renders the run-view root element","duration":138.85360000000037,"failureMessages":[],"meta":{}},{"ancestorTitles":["Run.vue"],"fullName":"Run.vue renders the AI split button in the header","status":"passed","title":"renders the AI split button in the header","duration":34.93630000000121,"failureMessages":[],"meta":{}},{"ancestorTitles":["Run.vue"],"fullName":"Run.vue renders the structured tab content by default","status":"passed","title":"renders the structured tab content by default","duration":20.014400000000023,"failureMessages":[],"meta":{}},{"ancestorTitles":["Run.vue"],"fullName":"Run.vue opens the AI split dialog when the split button is clicked","status":"passed","title":"opens the AI split dialog when the split button is clicked","duration":38.1940999999988,"failureMessages":[],"meta":{}}],"startTime":1789071827385,"endTime":1789071827617.194,"status":"passed","message":"","name":"F:/Nexus/MAOP/dashboard-enterprise/src/__tests__/Run.test.js"},{"assertionResults":[{"ancestorTitles":["Search.vue"],"fullName":"Search.vue renders the search root element","status":"passed","title":"renders the search root element","duration":321.2947000000022,"failureMessages":[],"meta":{}},{"ancestorTitles":["Search.vue"],"fullName":"Search.vue renders the search input box","status":"passed","title":"renders the search input box","duration":254.3731000000007,"failureMessages":[],"meta":{}},{"ancestorTitles":["Search.vue"],"fullName":"Search.vue renders search results after a successful search","status":"passed","title":"renders search results after a successful search","duration":332.0648000000001,"failureMessages":[],"meta":{}},{"ancestorTitles":["Search.vue"],"fullName":"Search.vue shows empty state when search returns no results","status":"passed","title":"shows empty state when search returns no results","duration":201.77750000000015,"failureMessages":[],"meta":{}},{"ancestorTitles":["Search.vue"],"fullName":"Search.vue shows error card when search API fails","status":"passed","title":"shows error card when search API fails","duration":179.48309999999765,"failureMessages":[],"meta":{}}],"startTime":1789071817264,"endTime":1789071818553.4832,"status":"passed","message":"","name":"F:/Nexus/MAOP/dashboard-enterprise/src/__tests__/Search.test.js"},{"assertionResults":[{"ancestorTitles":["Settings.vue"],"fullName":"Settings.vue renders the settings root element","status":"passed","title":"renders the settings root element","duration":470.5497000000032,"failureMessages":[],"meta":{}},{"ancestorTitles":["Settings.vue"],"fullName":"Settings.vue renders loaded config values (host / port / log level)","status":"passed","title":"renders loaded config values (host / port / log level)","duration":246.1141000000025,"failureMessages":[],"meta":{}},{"ancestorTitles":["Settings.vue"],"fullName":"Settings.vue calls the edition switch endpoint when an edition button is clicked","status":"passed","title":"calls the edition switch endpoint when an edition button is clicked","duration":379.60789999999906,"failureMessages":[],"meta":{}},{"ancestorTitles":["Settings.vue"],"fullName":"Settings.vue does not crash when /api/info/config fails","status":"passed","title":"does not crash when /api/info/config fails","duration":183.60349999999744,"failureMessages":[],"meta":{}},{"ancestorTitles":["Settings.vue"],"fullName":"Settings.vue renders gracefully when edition/config return empty objects","status":"passed","title":"renders gracefully when edition/config return empty objects","duration":149.84230000000025,"failureMessages":[],"meta":{}}],"startTime":1789071817383,"endTime":1789071818813.8423,"status":"passed","message":"","name":"F:/Nexus/MAOP/dashboard-enterprise/src/__tests__/Settings.test.js"},{"assertionResults":[{"ancestorTitles":["SkillEditor.vue"],"fullName":"SkillEditor.vue renders the skill-editor root element","status":"passed","title":"renders the skill-editor root element","duration":297.85399999999936,"failureMessages":[],"meta":{}},{"ancestorTitles":["SkillEditor.vue"],"fullName":"SkillEditor.vue loads atomic skills from GET /api/evolution/skills","status":"passed","title":"loads atomic skills from GET /api/evolution/skills","duration":142.53379999999743,"failureMessages":[],"meta":{}},{"ancestorTitles":["SkillEditor.vue"],"fullName":"SkillEditor.vue shows error state when the skills API fails","status":"passed","title":"shows error state when the skills API fails","duration":92.61509999999907,"failureMessages":[],"meta":{}},{"ancestorTitles":["SkillEditor.vue"],"fullName":"SkillEditor.vue shows empty state when no atomic skills are returned","status":"passed","title":"shows empty state when no atomic skills are returned","duration":52.434699999997974,"failureMessages":[],"meta":{}},{"ancestorTitles":["SkillEditor.vue"],"fullName":"SkillEditor.vue adds a step to the composition when an atom card is clicked","status":"passed","title":"adds a step to the composition when an atom card is clicked","duration":133.71740000000136,"failureMessages":[],"meta":{}},{"ancestorTitles":["SkillEditor.vue"],"fullName":"SkillEditor.vue adds a step via drag-and-drop onto the canvas","status":"passed","title":"adds a step via drag-and-drop onto the canvas","duration":190.64389999999912,"failureMessages":[],"meta":{}},{"ancestorTitles":["SkillEditor.vue"],"fullName":"SkillEditor.vue moves a step up when the move-up button is clicked","status":"passed","title":"moves a step up when the move-up button is clicked","duration":193.21659999999974,"failureMessages":[],"meta":{}},{"ancestorTitles":["SkillEditor.vue"],"fullName":"SkillEditor.vue moves a step down when the move-down button is clicked","status":"passed","title":"moves a step down when the move-down button is clicked","duration":255.20769999999902,"failureMessages":[],"meta":{}},{"ancestorTitles":["SkillEditor.vue"],"fullName":"SkillEditor.vue removes a step when the remove button is clicked","status":"passed","title":"removes a step when the remove button is clicked","duration":141.87950000000274,"failureMessages":[],"meta":{}},{"ancestorTitles":["SkillEditor.vue"],"fullName":"SkillEditor.vue selects a step and shows the parameter inspector","status":"passed","title":"selects a step and shows the parameter inspector","duration":124.56039999999484,"failureMessages":[],"meta":{}},{"ancestorTitles":["SkillEditor.vue"],"fullName":"SkillEditor.vue adds an input mapping row when the add-mapping button is clicked","status":"passed","title":"adds an input mapping row when the add-mapping button is clicked","duration":111.86299999999756,"failureMessages":[],"meta":{}},{"ancestorTitles":["SkillEditor.vue"],"fullName":"SkillEditor.vue opens the save drawer when the save button is clicked","status":"passed","title":"opens the save drawer when the save button is clicked","duration":143.3176999999996,"failureMessages":[],"meta":{}},{"ancestorTitles":["SkillEditor.vue"],"fullName":"SkillEditor.vue saves the composite skill via POST /api/evolution/skills/composite","status":"passed","title":"saves the composite skill via POST /api/evolution/skills/composite","duration":201.4326000000001,"failureMessages":[],"meta":{}},{"ancestorTitles":["SkillEditor.vue"],"fullName":"SkillEditor.vue disables the save button when there are no steps","status":"passed","title":"disables the save button when there are no steps","duration":74.45580000000336,"failureMessages":[],"meta":{}},{"ancestorTitles":["SkillMarket.vue"],"fullName":"SkillMarket.vue renders the skill-market root element","status":"passed","title":"renders the skill-market root element","duration":63.85610000000452,"failureMessages":[],"meta":{}},{"ancestorTitles":["SkillMarket.vue"],"fullName":"SkillMarket.vue loads and renders marketplace tools","status":"passed","title":"loads and renders marketplace tools","duration":53.13969999999972,"failureMessages":[],"meta":{}},{"ancestorTitles":["SkillMarket.vue"],"fullName":"SkillMarket.vue filters tools by search query","status":"passed","title":"filters tools by search query","duration":72.6756000000023,"failureMessages":[],"meta":{}},{"ancestorTitles":["SkillMarket.vue"],"fullName":"SkillMarket.vue filters tools by category","status":"passed","title":"filters tools by category","duration":67.94160000000556,"failureMessages":[],"meta":{}},{"ancestorTitles":["SkillMarket.vue"],"fullName":"SkillMarket.vue installs a tool via POST /api/mcp/marketplace/tools/{id}/install","status":"passed","title":"installs a tool via POST /api/mcp/marketplace/tools/{id}/install","duration":76.31660000000556,"failureMessages":[],"meta":{}},{"ancestorTitles":["SkillMarket.vue"],"fullName":"SkillMarket.vue disables the install button for already-installed tools","status":"passed","title":"disables the install button for already-installed tools","duration":52.710800000000745,"failureMessages":[],"meta":{}}],"startTime":1789071817254,"endTime":1789071819798.7107,"status":"passed","message":"","name":"F:/Nexus/MAOP/dashboard-enterprise/src/__tests__/SkillEditor.test.js"},{"assertionResults":[{"ancestorTitles":["SkillMarket.vue"],"fullName":"SkillMarket.vue renders the skill-market root element","status":"passed","title":"renders the skill-market root element","duration":316.8322999999982,"failureMessages":[],"meta":{}},{"ancestorTitles":["SkillMarket.vue"],"fullName":"SkillMarket.vue hides the Coming Soon banner when tools are loaded, shows it only for empty data","status":"passed","title":"hides the Coming Soon banner when tools are loaded, shows it only for empty data","duration":266.70130000000063,"failureMessages":[],"meta":{}},{"ancestorTitles":["SkillMarket.vue"],"fullName":"SkillMarket.vue loads and renders marketplace tools","status":"passed","title":"loads and renders marketplace tools","duration":170.77330000000075,"failureMessages":[],"meta":{}},{"ancestorTitles":["SkillMarket.vue"],"fullName":"SkillMarket.vue shows empty state when no tools are returned","status":"passed","title":"shows empty state when no tools are returned","duration":61.22080000000278,"failureMessages":[],"meta":{}},{"ancestorTitles":["SkillMarket.vue"],"fullName":"SkillMarket.vue filters tools by search query","status":"passed","title":"filters tools by search query","duration":225.14350000000195,"failureMessages":[],"meta":{}},{"ancestorTitles":["SkillMarket.vue"],"fullName":"SkillMarket.vue filters tools by category","status":"passed","title":"filters tools by category","duration":59.87430000000313,"failureMessages":[],"meta":{}},{"ancestorTitles":["SkillMarket.vue"],"fullName":"SkillMarket.vue installs a tool via POST /api/mcp/marketplace/tools/{id}/install","status":"passed","title":"installs a tool via POST /api/mcp/marketplace/tools/{id}/install","duration":111.70470000000205,"failureMessages":[],"meta":{}},{"ancestorTitles":["SkillMarket.vue"],"fullName":"SkillMarket.vue disables the install button for already-installed tools","status":"passed","title":"disables the install button for already-installed tools","duration":115.23429999999644,"failureMessages":[],"meta":{}},{"ancestorTitles":["SkillMarket.vue"],"fullName":"SkillMarket.vue shows error state when the marketplace API fails","status":"passed","title":"shows error state when the marketplace API fails","duration":30.783699999999953,"failureMessages":[],"meta":{}}],"startTime":1789071817254,"endTime":1789071818612.7837,"status":"passed","message":"","name":"F:/Nexus/MAOP/dashboard-enterprise/src/__tests__/SkillMarket.test.js"},{"assertionResults":[{"ancestorTitles":["SsoProviders.vue"],"fullName":"SsoProviders.vue renders the sso-page root element","status":"passed","title":"renders the sso-page root element","duration":348.63110000000233,"failureMessages":[],"meta":{}},{"ancestorTitles":["SsoProviders.vue"],"fullName":"SsoProviders.vue renders a table row per provider","status":"passed","title":"renders a table row per provider","duration":108.36549999999988,"failureMessages":[],"meta":{}},{"ancestorTitles":["SsoProviders.vue"],"fullName":"SsoProviders.vue shows provider names in the table","status":"passed","title":"shows provider names in the table","duration":82.33240000000296,"failureMessages":[],"meta":{}},{"ancestorTitles":["SsoProviders.vue"],"fullName":"SsoProviders.vue shows tenant label for scoped provider and Global for unscoped","status":"passed","title":"shows tenant label for scoped provider and Global for unscoped","duration":61.608399999997346,"failureMessages":[],"meta":{}},{"ancestorTitles":["SsoProviders.vue"],"fullName":"SsoProviders.vue renders empty state when no providers returned","status":"passed","title":"renders empty state when no providers returned","duration":33.97210000000268,"failureMessages":[],"meta":{}},{"ancestorTitles":["SsoProviders.vue"],"fullName":"SsoProviders.vue sets error message when providers API fails","status":"passed","title":"sets error message when providers API fails","duration":66.08209999999963,"failureMessages":[],"meta":{}},{"ancestorTitles":["SsoProviders.vue"],"fullName":"SsoProviders.vue opens the add-provider dialog with OIDC form by default","status":"passed","title":"opens the add-provider dialog with OIDC form by default","duration":155.4402999999984,"failureMessages":[],"meta":{}},{"ancestorTitles":["SsoProviders.vue"],"fullName":"SsoProviders.vue switches to SAML form when protocol select changes to saml","status":"passed","title":"switches to SAML form when protocol select changes to saml","duration":139.69840000000113,"failureMessages":[],"meta":{}},{"ancestorTitles":["SsoProviders.vue"],"fullName":"SsoProviders.vue opens edit dialog populated with provider config","status":"passed","title":"opens edit dialog populated with provider config","duration":132.1280000000006,"failureMessages":[],"meta":{}},{"ancestorTitles":["SsoProviders.vue"],"fullName":"SsoProviders.vue shows metadata export button only for SAML providers","status":"passed","title":"shows metadata export button only for SAML providers","duration":108.6201000000001,"failureMessages":[],"meta":{}},{"ancestorTitles":["SsoProviders.vue"],"fullName":"SsoProviders.vue deletes a provider after confirm and reloads the list","status":"passed","title":"deletes a provider after confirm and reloads the list","duration":197.39600000000064,"failureMessages":[],"meta":{}},{"ancestorTitles":["SsoProviders.vue"],"fullName":"SsoProviders.vue does not delete when confirm is cancelled","status":"passed","title":"does not delete when confirm is cancelled","duration":102.2564999999995,"failureMessages":[],"meta":{}},{"ancestorTitles":["SsoProviders.vue"],"fullName":"SsoProviders.vue renders protocol badges for oidc and saml providers","status":"passed","title":"renders protocol badges for oidc and saml providers","duration":47.043000000001484,"failureMessages":[],"meta":{}}],"startTime":1789071815973,"endTime":1789071817559.043,"status":"passed","message":"","name":"F:/Nexus/MAOP/dashboard-enterprise/src/__tests__/SsoProviders.test.js"},{"assertionResults":[{"ancestorTitles":["useEditionStore"],"fullName":"useEditionStore has correct defaults","status":"passed","title":"has correct defaults","duration":8.15769999999975,"failureMessages":[],"meta":{}},{"ancestorTitles":["useEditionStore"],"fullName":"useEditionStore isEnterprise getter works","status":"passed","title":"isEnterprise getter works","duration":1.6314999999995052,"failureMessages":[],"meta":{}},{"ancestorTitles":["useEditionStore"],"fullName":"useEditionStore hasFeature getter works","status":"passed","title":"hasFeature getter works","duration":2.1733000000003813,"failureMessages":[],"meta":{}},{"ancestorTitles":["useEditionStore"],"fullName":"useEditionStore hasDegradations getter works","status":"passed","title":"hasDegradations getter works","duration":2.230100000000675,"failureMessages":[],"meta":{}},{"ancestorTitles":["useEditionStore"],"fullName":"useEditionStore fetchEdition updates state on success","status":"passed","title":"fetchEdition updates state on success","duration":3.100399999999354,"failureMessages":[],"meta":{}},{"ancestorTitles":["useEditionStore"],"fullName":"useEditionStore fetchEdition handles errors gracefully","status":"passed","title":"fetchEdition handles errors gracefully","duration":12.54780000000028,"failureMessages":[],"meta":{}},{"ancestorTitles":["useEditionStore"],"fullName":"useEditionStore switchEdition has correct default state","status":"passed","title":"switchEdition has correct default state","duration":0.7674999999999272,"failureMessages":[],"meta":{}},{"ancestorTitles":["useEditionStore"],"fullName":"useEditionStore switchEdition updates state on success","status":"passed","title":"switchEdition updates state on success","duration":2.8880000000008295,"failureMessages":[],"meta":{}},{"ancestorTitles":["useEditionStore"],"fullName":"useEditionStore switchEdition throws on error status and sets switchError","status":"passed","title":"switchEdition throws on error status and sets switchError","duration":4.068300000000818,"failureMessages":[],"meta":{}},{"ancestorTitles":["useEditionStore"],"fullName":"useEditionStore switchEdition handles 401 unauthorized","status":"passed","title":"switchEdition handles 401 unauthorized","duration":2.468699999999444,"failureMessages":[],"meta":{}},{"ancestorTitles":["useEditionStore"],"fullName":"useEditionStore switchEdition sets switching flag during operation","status":"passed","title":"switchEdition sets switching flag during operation","duration":1.5503000000007887,"failureMessages":[],"meta":{}},{"ancestorTitles":["useApiStore auth header injection"],"fullName":"useApiStore auth header injection get uses credentials: include for cookie-based auth","status":"passed","title":"get uses credentials: include for cookie-based auth","duration":4.875900000000911,"failureMessages":[],"meta":{}},{"ancestorTitles":["useApiStore auth header injection"],"fullName":"useApiStore auth header injection get omits Authorization header when no token","status":"passed","title":"get omits Authorization header when no token","duration":0.6268999999992957,"failureMessages":[],"meta":{}},{"ancestorTitles":["useApiStore auth header injection"],"fullName":"useApiStore auth header injection get returns JSON on success","status":"passed","title":"get returns JSON on success","duration":0.861800000000585,"failureMessages":[],"meta":{}},{"ancestorTitles":["useApiStore auth header injection"],"fullName":"useApiStore auth header injection get throws on error status","status":"passed","title":"get throws on error status","duration":1.7929000000003725,"failureMessages":[],"meta":{}},{"ancestorTitles":["useApiStore auth header injection"],"fullName":"useApiStore auth header injection get clears user info and throws on 401","status":"passed","title":"get clears user info and throws on 401","duration":1.761000000000422,"failureMessages":[],"meta":{}},{"ancestorTitles":["useApiStore auth header injection"],"fullName":"useApiStore auth header injection post sends JSON body with cookie credentials","status":"passed","title":"post sends JSON body with cookie credentials","duration":1.999100000000908,"failureMessages":[],"meta":{}},{"ancestorTitles":["useApiStore auth header injection"],"fullName":"useApiStore auth header injection setAuthToken / clearAuthToken manage user info (M6 cookie auth)","status":"passed","title":"setAuthToken / clearAuthToken manage user info (M6 cookie auth)","duration":3.541900000000169,"failureMessages":[],"meta":{}}],"startTime":1789071829710,"endTime":1789071829768.542,"status":"passed","message":"","name":"F:/Nexus/MAOP/dashboard-enterprise/src/__tests__/stores.test.js"},{"assertionResults":[{"ancestorTitles":["Tasks.vue"],"fullName":"Tasks.vue renders task rows from /api/sessions","status":"passed","title":"renders task rows from /api/sessions","duration":338.16270000000077,"failureMessages":[],"meta":{}},{"ancestorTitles":["Tasks.vue"],"fullName":"Tasks.vue renders status badges with correct tones","status":"passed","title":"renders status badges with correct tones","duration":263.41179999999804,"failureMessages":[],"meta":{}},{"ancestorTitles":["Tasks.vue"],"fullName":"Tasks.vue shows empty state when no tasks","status":"passed","title":"shows empty state when no tasks","duration":41.794200000000274,"failureMessages":[],"meta":{}},{"ancestorTitles":["Tasks.vue"],"fullName":"Tasks.vue shows skeleton during loading","status":"passed","title":"shows skeleton during loading","duration":48.640000000003056,"failureMessages":[],"meta":{}},{"ancestorTitles":["Tasks.vue"],"fullName":"Tasks.vue shows error state on fetch failure","status":"passed","title":"shows error state on fetch failure","duration":133.29520000000048,"failureMessages":[],"meta":{}},{"ancestorTitles":["Tasks.vue"],"fullName":"Tasks.vue paginates to next page on button click","status":"passed","title":"paginates to next page on button click","duration":421.9347999999991,"failureMessages":[],"meta":{}},{"ancestorTitles":["Tasks.vue"],"fullName":"Tasks.vue opens rerun confirm dialog and posts to rerun endpoint","status":"passed","title":"opens rerun confirm dialog and posts to rerun endpoint","duration":226.2658999999985,"failureMessages":[],"meta":{}},{"ancestorTitles":["Tasks.vue"],"fullName":"Tasks.vue reloads on search input change","status":"passed","title":"reloads on search input change","duration":541.5235999999968,"failureMessages":[],"meta":{}},{"ancestorTitles":["Tasks.vue"],"fullName":"Tasks.vue falls back to agent name when metadata.task is absent","status":"passed","title":"falls back to agent name when metadata.task is absent","duration":59.70789999999397,"failureMessages":[],"meta":{}}],"startTime":1789071816910,"endTime":1789071818987.708,"status":"passed","message":"","name":"F:/Nexus/MAOP/dashboard-enterprise/src/__tests__/Tasks.test.js"},{"assertionResults":[{"ancestorTitles":["Tenants.vue"],"fullName":"Tenants.vue renders the tenant-page root element","status":"passed","title":"renders the tenant-page root element","duration":76.17399999999907,"failureMessages":[],"meta":{}},{"ancestorTitles":["Tenants.vue"],"fullName":"Tenants.vue renders a tenant card per tenant returned by the API","status":"passed","title":"renders a tenant card per tenant returned by the API","duration":32.65629999999874,"failureMessages":[],"meta":{}},{"ancestorTitles":["Tenants.vue"],"fullName":"Tenants.vue renders the create-tenant button","status":"passed","title":"renders the create-tenant button","duration":18.60449999999946,"failureMessages":[],"meta":{}},{"ancestorTitles":["Tenants.vue"],"fullName":"Tenants.vue opens the create modal when the create button is clicked","status":"passed","title":"opens the create modal when the create button is clicked","duration":35.607599999999366,"failureMessages":[],"meta":{}},{"ancestorTitles":["Tenants.vue"],"fullName":"Tenants.vue does not crash when /api/tenant/list fails","status":"passed","title":"does not crash when /api/tenant/list fails","duration":31.881900000000314,"failureMessages":[],"meta":{}}],"startTime":1789071828113,"endTime":1789071828307.8818,"status":"passed","message":"","name":"F:/Nexus/MAOP/dashboard-enterprise/src/__tests__/Tenants.test.js"},{"assertionResults":[{"ancestorTitles":["ThreeLayerMemory.vue"],"fullName":"ThreeLayerMemory.vue renders the memory-page root element","status":"passed","title":"renders the memory-page root element","duration":391.6303999999982,"failureMessages":[],"meta":{}},{"ancestorTitles":["ThreeLayerMemory.vue"],"fullName":"ThreeLayerMemory.vue renders the three layer cards (working/episodic/semantic)","status":"passed","title":"renders the three layer cards (working/episodic/semantic)","duration":181.28299999999945,"failureMessages":[],"meta":{}},{"ancestorTitles":["ThreeLayerMemory.vue"],"fullName":"ThreeLayerMemory.vue renders the search bar with input and search button","status":"passed","title":"renders the search bar with input and search button","duration":259.65970000000016,"failureMessages":[],"meta":{}},{"ancestorTitles":["ThreeLayerMemory.vue"],"fullName":"ThreeLayerMemory.vue renders memory entry cards when search returns results","status":"passed","title":"renders memory entry cards when search returns results","duration":255.4383999999991,"failureMessages":[],"meta":{}},{"ancestorTitles":["ThreeLayerMemory.vue"],"fullName":"ThreeLayerMemory.vue renders topic chips when stats.by_topic is populated","status":"passed","title":"renders topic chips when stats.by_topic is populated","duration":274.46299999999974,"failureMessages":[],"meta":{}},{"ancestorTitles":["ThreeLayerMemory.vue"],"fullName":"ThreeLayerMemory.vue does not crash when /api/memory/stats fails","status":"passed","title":"does not crash when /api/memory/stats fails","duration":323.0121999999974,"failureMessages":[],"meta":{}}],"startTime":1789071816709,"endTime":1789071818395.0122,"status":"passed","message":"","name":"F:/Nexus/MAOP/dashboard-enterprise/src/__tests__/ThreeLayerMemory.test.js"},{"assertionResults":[{"ancestorTitles":["Tools.vue"],"fullName":"Tools.vue renders the tools-view root element","status":"passed","title":"renders the tools-view root element","duration":1299.1965000000018,"failureMessages":[],"meta":{}},{"ancestorTitles":["Tools.vue"],"fullName":"Tools.vue renders the skills tab content by default","status":"passed","title":"renders the skills tab content by default","duration":416.6065000000017,"failureMessages":[],"meta":{}},{"ancestorTitles":["Tools.vue"],"fullName":"Tools.vue renders built-in skill fallback cards when /api/skills is empty","status":"passed","title":"renders built-in skill fallback cards when /api/skills is empty","duration":264.9751000000033,"failureMessages":[],"meta":{}},{"ancestorTitles":["Tools.vue"],"fullName":"Tools.vue renders MCP servers list when /api/mcp returns servers","status":"passed","title":"renders MCP servers list when /api/mcp returns servers","duration":259.3119999999981,"failureMessages":[],"meta":{}},{"ancestorTitles":["Tools.vue"],"fullName":"Tools.vue does not crash when all API endpoints fail","status":"passed","title":"does not crash when all API endpoints fail","duration":212.7320999999938,"failureMessages":[],"meta":{}}],"startTime":1789071817511,"endTime":1789071819964.7322,"status":"passed","message":"","name":"F:/Nexus/MAOP/dashboard-enterprise/src/__tests__/Tools.test.js"},{"assertionResults":[{"ancestorTitles":["Users.vue"],"fullName":"Users.vue renders the users root element","status":"passed","title":"renders the users root element","duration":165.78620000000228,"failureMessages":[],"meta":{}},{"ancestorTitles":["Users.vue"],"fullName":"Users.vue renders user rows from loaded data","status":"passed","title":"renders user rows from loaded data","duration":120.20190000000002,"failureMessages":[],"meta":{}},{"ancestorTitles":["Users.vue"],"fullName":"Users.vue shows empty state when no users","status":"passed","title":"shows empty state when no users","duration":102.91149999999834,"failureMessages":[],"meta":{}},{"ancestorTitles":["Users.vue"],"fullName":"Users.vue does not crash when /api/auth/users fails","status":"passed","title":"does not crash when /api/auth/users fails","duration":81.68080000000191,"failureMessages":[],"meta":{}},{"ancestorTitles":["Users.vue"],"fullName":"Users.vue opens edit dialog when edit button is clicked","status":"passed","title":"opens edit dialog when edit button is clicked","duration":115.98990000000049,"failureMessages":[],"meta":{}}],"startTime":1789071816652,"endTime":1789071817238.99,"status":"passed","message":"","name":"F:/Nexus/MAOP/dashboard-enterprise/src/__tests__/Users.test.js"},{"assertionResults":[{"ancestorTitles":["useToast timer cleanup"],"fullName":"useToast timer cleanup show() adds a toast and schedules auto-dismiss via setTimeout","status":"passed","title":"show() adds a toast and schedules auto-dismiss via setTimeout","duration":8.871099999998478,"failureMessages":[],"meta":{}},{"ancestorTitles":["useToast timer cleanup"],"fullName":"useToast timer cleanup dismiss() clears the scheduled timer so it does not leak","status":"passed","title":"dismiss() clears the scheduled timer so it does not leak","duration":5.302499999999782,"failureMessages":[],"meta":{}},{"ancestorTitles":["useToast timer cleanup"],"fullName":"useToast timer cleanup dismiss() is a safe no-op for an unknown id","status":"passed","title":"dismiss() is a safe no-op for an unknown id","duration":1.1790000000000873,"failureMessages":[],"meta":{}},{"ancestorTitles":["useToast timer cleanup"],"fullName":"useToast timer cleanup success/error/warn/info shortcuts set the correct tone","status":"passed","title":"success/error/warn/info shortcuts set the correct tone","duration":1.0200000000004366,"failureMessages":[],"meta":{}},{"ancestorTitles":["useToast timer cleanup"],"fullName":"useToast timer cleanup show() without timeout creates a persistent toast with no timer","status":"passed","title":"show() without timeout creates a persistent toast with no timer","duration":0.9856999999992695,"failureMessages":[],"meta":{}},{"ancestorTitles":["useToast timer cleanup"],"fullName":"useToast timer cleanup show() with timeout:null falls back to the 3200ms default and auto-dismisses","status":"passed","title":"show() with timeout:null falls back to the 3200ms default and auto-dismisses","duration":1.0383999999994558,"failureMessages":[],"meta":{}},{"ancestorTitles":["useToast timer cleanup"],"fullName":"useToast timer cleanup shortcuts pass through extra options (e.g. timeout)","status":"passed","title":"shortcuts pass through extra options (e.g. timeout)","duration":0.6744999999991705,"failureMessages":[],"meta":{}}],"startTime":1789071829642,"endTime":1789071829660.6746,"status":"passed","message":"","name":"F:/Nexus/MAOP/dashboard-enterprise/src/__tests__/useToast.test.js"},{"assertionResults":[{"ancestorTitles":["useWebSocket composable"],"fullName":"useWebSocket composable exposes connected/lastMessage/error refs and send/disconnect functions","status":"passed","title":"exposes connected/lastMessage/error refs and send/disconnect functions","duration":28.199800000000323,"failureMessages":[],"meta":{}},{"ancestorTitles":["useWebSocket composable"],"fullName":"useWebSocket composable defaults: connected=false, lastMessage=null, error=null","status":"passed","title":"defaults: connected=false, lastMessage=null, error=null","duration":4.571399999998903,"failureMessages":[],"meta":{}},{"ancestorTitles":["useWebSocket composable"],"fullName":"useWebSocket composable onopen sets connected=true and clears error","status":"passed","title":"onopen sets connected=true and clears error","duration":4.920200000000477,"failureMessages":[],"meta":{}},{"ancestorTitles":["useWebSocket composable"],"fullName":"useWebSocket composable onmessage parses JSON and sets lastMessage","status":"passed","title":"onmessage parses JSON and sets lastMessage","duration":5.868899999999485,"failureMessages":[],"meta":{}},{"ancestorTitles":["useWebSocket composable"],"fullName":"useWebSocket composable onmessage falls back to raw string when payload is not JSON","status":"passed","title":"onmessage falls back to raw string when payload is not JSON","duration":3.3317000000006374,"failureMessages":[],"meta":{}},{"ancestorTitles":["useWebSocket composable"],"fullName":"useWebSocket composable onclose sets connected=false and schedules reconnect","status":"passed","title":"onclose sets connected=false and schedules reconnect","duration":4.450800000000527,"failureMessages":[],"meta":{}},{"ancestorTitles":["useWebSocket composable"],"fullName":"useWebSocket composable onerror sets error and connected=false","status":"passed","title":"onerror sets error and connected=false","duration":3.7019000000000233,"failureMessages":[],"meta":{}},{"ancestorTitles":["useWebSocket composable"],"fullName":"useWebSocket composable send() sends string data as-is when ws is OPEN","status":"passed","title":"send() sends string data as-is when ws is OPEN","duration":2.3621000000002823,"failureMessages":[],"meta":{}},{"ancestorTitles":["useWebSocket composable"],"fullName":"useWebSocket composable send() stringifies objects","status":"passed","title":"send() stringifies objects","duration":6.86410000000069,"failureMessages":[],"meta":{}},{"ancestorTitles":["useWebSocket composable"],"fullName":"useWebSocket composable send() is a no-op when ws is not OPEN","status":"passed","title":"send() is a no-op when ws is not OPEN","duration":3.3127000000004045,"failureMessages":[],"meta":{}},{"ancestorTitles":["useWebSocket composable"],"fullName":"useWebSocket composable disconnect() clears reconnect timer and closes ws","status":"passed","title":"disconnect() clears reconnect timer and closes ws","duration":2.3360000000011496,"failureMessages":[],"meta":{}},{"ancestorTitles":["useWebSocket composable"],"fullName":"useWebSocket composable disconnect() is safe to call when ws is null","status":"passed","title":"disconnect() is safe to call when ws is null","duration":1.1400999999987107,"failureMessages":[],"meta":{}},{"ancestorTitles":["useWebSocket composable"],"fullName":"useWebSocket composable onUnmounted auto-disconnects","status":"passed","title":"onUnmounted auto-disconnects","duration":1.6378999999997177,"failureMessages":[],"meta":{}}],"startTime":1789071828440,"endTime":1789071828513.638,"status":"passed","message":"","name":"F:/Nexus/MAOP/dashboard-enterprise/src/__tests__/useWebSocket.test.js"},{"assertionResults":[{"ancestorTitles":["VectorSearch.vue"],"fullName":"VectorSearch.vue renders the vector search root element","status":"passed","title":"renders the vector search root element","duration":299.21630000000005,"failureMessages":[],"meta":{}},{"ancestorTitles":["VectorSearch.vue"],"fullName":"VectorSearch.vue renders stats cards from loaded stats","status":"passed","title":"renders stats cards from loaded stats","duration":204.4909000000007,"failureMessages":[],"meta":{}},{"ancestorTitles":["VectorSearch.vue"],"fullName":"VectorSearch.vue renders result cards after a successful search","status":"passed","title":"renders result cards after a successful search","duration":292.4006999999983,"failureMessages":[],"meta":{}},{"ancestorTitles":["VectorSearch.vue"],"fullName":"VectorSearch.vue shows empty state when search returns no results","status":"passed","title":"shows empty state when search returns no results","duration":111.5007000000005,"failureMessages":[],"meta":{}},{"ancestorTitles":["VectorSearch.vue"],"fullName":"VectorSearch.vue shows inline error when stats API fails","status":"passed","title":"shows inline error when stats API fails","duration":92.7515999999996,"failureMessages":[],"meta":{}}],"startTime":1789071817241,"endTime":1789071818241.7517,"status":"passed","message":"","name":"F:/Nexus/MAOP/dashboard-enterprise/src/__tests__/VectorSearch.test.js"},{"assertionResults":[{"ancestorTitles":["WorkflowEditor.vue"],"fullName":"WorkflowEditor.vue renders the workflow root element","status":"passed","title":"renders the workflow root element","duration":263.1175000000003,"failureMessages":[],"meta":{}},{"ancestorTitles":["WorkflowEditor.vue"],"fullName":"WorkflowEditor.vue renders all four node types in the palette","status":"passed","title":"renders all four node types in the palette","duration":106.02829999999813,"failureMessages":[],"meta":{}},{"ancestorTitles":["WorkflowEditor.vue"],"fullName":"WorkflowEditor.vue shows empty state when no nodes exist","status":"passed","title":"shows empty state when no nodes exist","duration":80.53099999999904,"failureMessages":[],"meta":{}},{"ancestorTitles":["WorkflowEditor.vue"],"fullName":"WorkflowEditor.vue adds a node to the canvas via addNode()","status":"passed","title":"adds a node to the canvas via addNode()","duration":94.60450000000128,"failureMessages":[],"meta":{}},{"ancestorTitles":["WorkflowEditor.vue"],"fullName":"WorkflowEditor.vue shows inspector form when a node is selected","status":"passed","title":"shows inspector form when a node is selected","duration":61.262399999999616,"failureMessages":[],"meta":{}},{"ancestorTitles":["WorkflowEditor.vue"],"fullName":"WorkflowEditor.vue deletes the selected node","status":"passed","title":"deletes the selected node","duration":126.22920000000158,"failureMessages":[],"meta":{}},{"ancestorTitles":["WorkflowEditor.vue"],"fullName":"WorkflowEditor.vue exports DAG JSON with nodes and edges","status":"passed","title":"exports DAG JSON with nodes and edges","duration":103.29820000000109,"failureMessages":[],"meta":{}},{"ancestorTitles":["WorkflowEditor.vue"],"fullName":"WorkflowEditor.vue imports DAG JSON via importDag()","status":"passed","title":"imports DAG JSON via importDag()","duration":58.75619999999981,"failureMessages":[],"meta":{}},{"ancestorTitles":["WorkflowEditor.vue"],"fullName":"WorkflowEditor.vue calls POST /api/dag/execute on execute","status":"passed","title":"calls POST /api/dag/execute on execute","duration":86.64160000000265,"failureMessages":[],"meta":{}},{"ancestorTitles":["WorkflowEditor.vue"],"fullName":"WorkflowEditor.vue rejects self-loop edges","status":"passed","title":"rejects self-loop edges","duration":62.390800000001036,"failureMessages":[],"meta":{}},{"ancestorTitles":["WorkflowEditor.vue"],"fullName":"WorkflowEditor.vue rejects duplicate edges","status":"passed","title":"rejects duplicate edges","duration":86.69499999999971,"failureMessages":[],"meta":{}},{"ancestorTitles":["WorkflowEditor.vue"],"fullName":"WorkflowEditor.vue clears all nodes and edges via clearAll()","status":"passed","title":"clears all nodes and edges via clearAll()","duration":102.26520000000164,"failureMessages":[],"meta":{}},{"ancestorTitles":["WorkflowEditor.vue"],"fullName":"WorkflowEditor.vue updates node label via inspector input","status":"passed","title":"updates node label via inspector input","duration":80.93930000000182,"failureMessages":[],"meta":{}},{"ancestorTitles":["WorkflowEditor.vue"],"fullName":"WorkflowEditor.vue displays node and edge counts in the toolbar","status":"passed","title":"displays node and edge counts in the toolbar","duration":71.72170000000187,"failureMessages":[],"meta":{}},{"ancestorTitles":["WorkflowEditor.vue"],"fullName":"WorkflowEditor.vue disables execute button when there are no nodes","status":"passed","title":"disables execute button when there are no nodes","duration":65.0551000000014,"failureMessages":[],"meta":{}}],"startTime":1789071815998,"endTime":1789071817449.0552,"status":"passed","message":"","name":"F:/Nexus/MAOP/dashboard-enterprise/src/__tests__/WorkflowEditor.test.js"}]}