{"numTotalTestSuites":117,"numPassedTestSuites":115,"numFailedTestSuites":2,"numPendingTestSuites":0,"numTotalTests":478,"numPassedTests":477,"numFailedTests":1,"numPendingTests":0,"numTodoTests":0,"snapshot":{"added":0,"failure":false,"filesAdded":0,"filesRemoved":0,"filesRemovedList":[],"filesUnmatched":0,"filesUpdated":0,"matched":0,"total":0,"unchecked":0,"uncheckedKeysByFile":[],"unmatched":0,"updated":0,"didUpdate":false},"startTime":1789313844023,"success":false,"testResults":[{"assertionResults":[{"ancestorTitles":["AgentProxy.vue"],"fullName":"AgentProxy.vue renders the agentproxy-view root element","status":"passed","title":"renders the agentproxy-view root element","duration":228.89949999999953,"failureMessages":[],"meta":{}},{"ancestorTitles":["AgentProxy.vue"],"fullName":"AgentProxy.vue renders adapters tab content by default","status":"passed","title":"renders adapters tab content by default","duration":54.78979999999865,"failureMessages":[],"meta":{}},{"ancestorTitles":["AgentProxy.vue"],"fullName":"AgentProxy.vue renders adapter rows when /api/bridge/adapters returns data","status":"passed","title":"renders adapter rows when /api/bridge/adapters returns data","duration":56.38719999999739,"failureMessages":[],"meta":{}},{"ancestorTitles":["AgentProxy.vue"],"fullName":"AgentProxy.vue displays correct status badges for adapters","status":"passed","title":"displays correct status badges for adapters","duration":88.89050000000134,"failureMessages":[],"meta":{}},{"ancestorTitles":["AgentProxy.vue"],"fullName":"AgentProxy.vue switches to health tab when clicked","status":"passed","title":"switches to health tab when clicked","duration":155.68960000000516,"failureMessages":[],"meta":{}},{"ancestorTitles":["AgentProxy.vue"],"fullName":"AgentProxy.vue switches to call tab when clicked","status":"passed","title":"switches to call tab when clicked","duration":129.7158999999956,"failureMessages":[],"meta":{}},{"ancestorTitles":["AgentProxy.vue"],"fullName":"AgentProxy.vue renders health overview when health API returns data","status":"passed","title":"renders health overview when health API returns data","duration":105.35070000000269,"failureMessages":[],"meta":{}},{"ancestorTitles":["AgentProxy.vue"],"fullName":"AgentProxy.vue opens sync config modal when sync button clicked","status":"passed","title":"opens sync config modal when sync button clicked","duration":82.97720000000118,"failureMessages":[],"meta":{}},{"ancestorTitles":["AgentProxy.vue"],"fullName":"AgentProxy.vue does not crash when API endpoint fails","status":"passed","title":"does not crash when API endpoint fails","duration":104.20470000000205,"failureMessages":[],"meta":{}},{"ancestorTitles":["AgentProxy.vue"],"fullName":"AgentProxy.vue renders call form fields in call tab","status":"passed","title":"renders call form fields in call tab","duration":77.01259999999456,"failureMessages":[],"meta":{}}],"startTime":1789313896339,"endTime":1789313897424.0127,"status":"passed","message":"","name":"F:/Nexus/MAOP/dashboard-enterprise/src/__tests__/AgentProxy.test.js"},{"assertionResults":[{"ancestorTitles":["Agents.vue"],"fullName":"Agents.vue renders the agents root element","status":"passed","title":"renders the agents root element","duration":229.40550000000076,"failureMessages":[],"meta":{}},{"ancestorTitles":["Agents.vue"],"fullName":"Agents.vue renders an agent card per agent returned by the API","status":"passed","title":"renders an agent card per agent returned by the API","duration":273.20320000000356,"failureMessages":[],"meta":{}},{"ancestorTitles":["Agents.vue"],"fullName":"Agents.vue reflects agent health/enabled state in the status badge","status":"passed","title":"reflects agent health/enabled state in the status badge","duration":297.35660000000644,"failureMessages":[],"meta":{}},{"ancestorTitles":["Agents.vue"],"fullName":"Agents.vue calls diagnose endpoint when repair button is clicked","status":"passed","title":"calls diagnose endpoint when repair button is clicked","duration":122.34169999999722,"failureMessages":[],"meta":{}},{"ancestorTitles":["Agents.vue"],"fullName":"Agents.vue renders an empty grid when no agents are returned","status":"passed","title":"renders an empty grid when no agents are returned","duration":94.94180000000051,"failureMessages":[],"meta":{}},{"ancestorTitles":["Agents.vue"],"fullName":"Agents.vue does not crash when /api/agents fails","status":"passed","title":"does not crash when /api/agents fails","duration":82.61290000000008,"failureMessages":[],"meta":{}},{"ancestorTitles":["Agents.vue"],"fullName":"Agents.vue reloads agents when the header refresh button is clicked","status":"passed","title":"reloads agents when the header refresh button is clicked","duration":122.03310000000056,"failureMessages":[],"meta":{}}],"startTime":1789313896184,"endTime":1789313897407.0332,"status":"passed","message":"","name":"F:/Nexus/MAOP/dashboard-enterprise/src/__tests__/Agents.test.js"},{"assertionResults":[{"ancestorTitles":["Analysis.vue"],"fullName":"Analysis.vue renders the an-view root element","status":"passed","title":"renders the an-view root element","duration":237.4117999999944,"failureMessages":[],"meta":{}},{"ancestorTitles":["Analysis.vue"],"fullName":"Analysis.vue renders summary tab content by default","status":"passed","title":"renders summary tab content by default","duration":114.80849999999919,"failureMessages":[],"meta":{}},{"ancestorTitles":["Analysis.vue"],"fullName":"Analysis.vue renders KPI cards when summary endpoint returns data","status":"passed","title":"renders KPI cards when summary endpoint returns data","duration":210.14229999999952,"failureMessages":[],"meta":{}},{"ancestorTitles":["Analysis.vue"],"fullName":"Analysis.vue renders agent efficiency table when agents endpoint returns data","status":"passed","title":"renders agent efficiency table when agents endpoint returns data","duration":259.91419999999925,"failureMessages":[],"meta":{}},{"ancestorTitles":["Analysis.vue"],"fullName":"Analysis.vue renders trends chart when task-trends endpoint returns series","status":"passed","title":"renders trends chart when task-trends endpoint returns series","duration":211.27079999999842,"failureMessages":[],"meta":{}},{"ancestorTitles":["Analysis.vue"],"fullName":"Analysis.vue renders cost pie chart when cost-breakdown returns items","status":"passed","title":"renders cost pie chart when cost-breakdown returns items","duration":163.2132999999958,"failureMessages":[],"meta":{}},{"ancestorTitles":["Analysis.vue"],"fullName":"Analysis.vue renders bottleneck tables when bottlenecks endpoint returns data","status":"passed","title":"renders bottleneck tables when bottlenecks endpoint returns data","duration":169.60510000000068,"failureMessages":[],"meta":{}},{"ancestorTitles":["Analysis.vue"],"fullName":"Analysis.vue shows error state when all API endpoints fail","status":"passed","title":"shows error state when all API endpoints fail","duration":86.72030000000086,"failureMessages":[],"meta":{}},{"ancestorTitles":["Analysis.vue"],"fullName":"Analysis.vue does not crash when endpoints return empty data","status":"passed","title":"does not crash when endpoints return empty data","duration":71.19449999999779,"failureMessages":[],"meta":{}}],"startTime":1789313896181,"endTime":1789313897706.1946,"status":"passed","message":"","name":"F:/Nexus/MAOP/dashboard-enterprise/src/__tests__/Analysis.test.js"},{"assertionResults":[{"ancestorTitles":["ApiKeys.vue"],"fullName":"ApiKeys.vue renders the apikeys root element","status":"passed","title":"renders the apikeys root element","duration":225.86499999999796,"failureMessages":[],"meta":{}},{"ancestorTitles":["ApiKeys.vue"],"fullName":"ApiKeys.vue renders key rows from the loaded list","status":"passed","title":"renders key rows from the loaded list","duration":63.92349999999715,"failureMessages":[],"meta":{}},{"ancestorTitles":["ApiKeys.vue"],"fullName":"ApiKeys.vue maps key_prefix, scopes and status fields onto rows","status":"passed","title":"maps key_prefix, scopes and status fields onto rows","duration":165.18039999999746,"failureMessages":[],"meta":{}},{"ancestorTitles":["ApiKeys.vue"],"fullName":"ApiKeys.vue shows empty state when no keys are returned","status":"passed","title":"shows empty state when no keys are returned","duration":30.21860000000015,"failureMessages":[],"meta":{}},{"ancestorTitles":["ApiKeys.vue"],"fullName":"ApiKeys.vue shows error state when the list API fails","status":"passed","title":"shows error state when the list API fails","duration":71.7132999999958,"failureMessages":[],"meta":{}},{"ancestorTitles":["ApiKeys.vue"],"fullName":"ApiKeys.vue opens the generate dialog when the generate button is clicked","status":"passed","title":"opens the generate dialog when the generate button is clicked","duration":175.93280000000232,"failureMessages":[],"meta":{}},{"ancestorTitles":["ApiKeys.vue"],"fullName":"ApiKeys.vue generates a key and reveals the full plaintext once","status":"passed","title":"generates a key and reveals the full plaintext once","duration":144.92909999999392,"failureMessages":[],"meta":{}},{"ancestorTitles":["ApiKeys.vue"],"fullName":"ApiKeys.vue warns when generating without a name","status":"passed","title":"warns when generating without a name","duration":64.27189999999973,"failureMessages":[],"meta":{}},{"ancestorTitles":["ApiKeys.vue"],"fullName":"ApiKeys.vue opens the detail drawer when the view-detail button is clicked","status":"passed","title":"opens the detail drawer when the view-detail button is clicked","duration":130.20040000000154,"failureMessages":[],"meta":{}}],"startTime":1789313896607,"endTime":1789313897680.2004,"status":"passed","message":"","name":"F:/Nexus/MAOP/dashboard-enterprise/src/__tests__/ApiKeys.test.js"},{"assertionResults":[{"ancestorTitles":["Audit.vue field mapping"],"fullName":"Audit.vue field mapping maps timestamp/severity/resource to time/level/target","status":"passed","title":"maps timestamp/severity/resource to time/level/target","duration":885.4729999999981,"failureMessages":[],"meta":{}},{"ancestorTitles":["Audit.vue field mapping"],"fullName":"Audit.vue field mapping prefers time/level/target when present and defaults level to info","status":"passed","title":"prefers time/level/target when present and defaults level to info","duration":261.0728999999992,"failureMessages":[],"meta":{}},{"ancestorTitles":["Audit.vue field mapping"],"fullName":"Audit.vue field mapping preserves extra fields spread from the original event","status":"passed","title":"preserves extra fields spread from the original event","duration":116.04360000000452,"failureMessages":[],"meta":{}},{"ancestorTitles":["Audit.vue field mapping"],"fullName":"Audit.vue field mapping sets events.error and renders EmptyState instead of DataTable on failure","status":"passed","title":"sets events.error and renders EmptyState instead of DataTable on failure","duration":106.07650000000285,"failureMessages":[],"meta":{}},{"ancestorTitles":["Audit.vue enhancement"],"fullName":"Audit.vue enhancement renders 4 stat cards (today ops / high-risk / active users / anomalies)","status":"passed","title":"renders 4 stat cards (today ops / high-risk / active users / anomalies)","duration":140.56090000000404,"failureMessages":[],"meta":{}},{"ancestorTitles":["Audit.vue enhancement"],"fullName":"Audit.vue enhancement renders 3 tab options in Segmented (events / rules / history)","status":"passed","title":"renders 3 tab options in Segmented (events / rules / history)","duration":61.677999999999884,"failureMessages":[],"meta":{}},{"ancestorTitles":["Audit.vue enhancement"],"fullName":"Audit.vue enhancement filters rows by keyword search across action/actor/target/detail","status":"passed","title":"filters rows by keyword search across action/actor/target/detail","duration":102.40359999999782,"failureMessages":[],"meta":{}},{"ancestorTitles":["Audit.vue enhancement"],"fullName":"Audit.vue enhancement filters rows by action select","status":"passed","title":"filters rows by action select","duration":99.44079999999667,"failureMessages":[],"meta":{}},{"ancestorTitles":["Audit.vue enhancement"],"fullName":"Audit.vue enhancement exports CSV via download Blob","status":"passed","title":"exports CSV via download Blob","duration":69.47729999999865,"failureMessages":[],"meta":{}},{"ancestorTitles":["Audit.vue enhancement"],"fullName":"Audit.vue enhancement exports JSON via download Blob","status":"passed","title":"exports JSON via download Blob","duration":52.05349999999453,"failureMessages":[],"meta":{}},{"ancestorTitles":["Audit.vue enhancement"],"fullName":"Audit.vue enhancement switches to rules tab and loads alert rules","status":"passed","title":"switches to rules tab and loads alert rules","duration":79.06070000000182,"failureMessages":[],"meta":{}},{"ancestorTitles":["Audit.vue enhancement"],"fullName":"Audit.vue enhancement shows rules error EmptyState when /api/audit/rules fails","status":"passed","title":"shows rules error EmptyState when /api/audit/rules fails","duration":44.253499999998894,"failureMessages":[],"meta":{}},{"ancestorTitles":["Audit.vue enhancement"],"fullName":"Audit.vue enhancement opens rule editor drawer when create button clicked","status":"passed","title":"opens rule editor drawer when create button clicked","duration":57.17700000000332,"failureMessages":[],"meta":{}},{"ancestorTitles":["Audit.vue enhancement"],"fullName":"Audit.vue enhancement switches to history tab and loads alert history","status":"passed","title":"switches to history tab and loads alert history","duration":45.9626999999964,"failureMessages":[],"meta":{}},{"ancestorTitles":["Audit.vue enhancement"],"fullName":"Audit.vue enhancement renders heatmap table when events exist","status":"passed","title":"renders heatmap table when events exist","duration":50.87560000000667,"failureMessages":[],"meta":{}},{"ancestorTitles":["Audit.vue enhancement"],"fullName":"Audit.vue enhancement renders trend chart Card with Segmented for line/bar switch","status":"passed","title":"renders trend chart Card with Segmented for line/bar switch","duration":39.950000000004366,"failureMessages":[],"meta":{}},{"ancestorTitles":["Audit.vue enhancement"],"fullName":"Audit.vue enhancement disables export buttons when no visible rows","status":"passed","title":"disables export buttons when no visible rows","duration":29.821900000002643,"failureMessages":[],"meta":{}}],"startTime":1789313896195,"endTime":1789313898437.822,"status":"passed","message":"","name":"F:/Nexus/MAOP/dashboard-enterprise/src/__tests__/Audit.test.js"},{"assertionResults":[{"ancestorTitles":["Blackboard.vue"],"fullName":"Blackboard.vue renders the blackboard-view root element","status":"passed","title":"renders the blackboard-view root element","duration":293.52410000000236,"failureMessages":[],"meta":{}},{"ancestorTitles":["Blackboard.vue"],"fullName":"Blackboard.vue renders snapshot tab content by default","status":"passed","title":"renders snapshot tab content by default","duration":65.32399999999325,"failureMessages":[],"meta":{}},{"ancestorTitles":["Blackboard.vue"],"fullName":"Blackboard.vue renders snapshot cards when snapshot has data","status":"passed","title":"renders snapshot cards when snapshot has data","duration":107.95760000000155,"failureMessages":[],"meta":{}},{"ancestorTitles":["Blackboard.vue"],"fullName":"Blackboard.vue switches to domains tab and shows domain entries","status":"passed","title":"switches to domains tab and shows domain entries","duration":162.3550000000032,"failureMessages":[],"meta":{}},{"ancestorTitles":["Blackboard.vue"],"fullName":"Blackboard.vue switches to history tab","status":"passed","title":"switches to history tab","duration":139.84039999999368,"failureMessages":[],"meta":{}},{"ancestorTitles":["Blackboard.vue"],"fullName":"Blackboard.vue switches to stats tab and shows statistics","status":"passed","title":"switches to stats tab and shows statistics","duration":66.99250000000029,"failureMessages":[],"meta":{}},{"ancestorTitles":["Blackboard.vue"],"fullName":"Blackboard.vue opens write entry modal when Write Entry button clicked","status":"passed","title":"opens write entry modal when Write Entry button clicked","duration":171.03729999999632,"failureMessages":[],"meta":{}},{"ancestorTitles":["Blackboard.vue"],"fullName":"Blackboard.vue does not crash when all API endpoints fail","status":"passed","title":"does not crash when all API endpoints fail","duration":81.46570000000065,"failureMessages":[],"meta":{}},{"ancestorTitles":["Blackboard.vue"],"fullName":"Blackboard.vue displays confidence badge with appropriate tone","status":"passed","title":"displays confidence badge with appropriate tone","duration":93.92440000000352,"failureMessages":[],"meta":{}}],"startTime":1789313896323,"endTime":1789313897505.9243,"status":"passed","message":"","name":"F:/Nexus/MAOP/dashboard-enterprise/src/__tests__/Blackboard.test.js"},{"assertionResults":[{"ancestorTitles":["Chat.vue mapMsg field extraction"],"fullName":"Chat.vue mapMsg field extraction uses m.tokens directly when present","status":"passed","title":"uses m.tokens directly when present","duration":118.54479999999967,"failureMessages":[],"meta":{}},{"ancestorTitles":["Chat.vue mapMsg field extraction"],"fullName":"Chat.vue mapMsg field extraction falls back to m.token_count when m.tokens is absent","status":"passed","title":"falls back to m.token_count when m.tokens is absent","duration":44.821100000001024,"failureMessages":[],"meta":{}},{"ancestorTitles":["Chat.vue mapMsg field extraction"],"fullName":"Chat.vue mapMsg field extraction falls back to m.metadata.tokens when tokens/token_count are absent","status":"passed","title":"falls back to m.metadata.tokens when tokens/token_count are absent","duration":49.862999999997555,"failureMessages":[],"meta":{}},{"ancestorTitles":["Chat.vue mapMsg field extraction"],"fullName":"Chat.vue mapMsg field extraction omits the tokens span when no token source is available","status":"passed","title":"omits the tokens span when no token source is available","duration":27.260000000002037,"failureMessages":[],"meta":{}},{"ancestorTitles":["Chat.vue mapMsg field extraction"],"fullName":"Chat.vue mapMsg field extraction uses m.image directly when present","status":"passed","title":"uses m.image directly when present","duration":42.7502999999997,"failureMessages":[],"meta":{}},{"ancestorTitles":["Chat.vue mapMsg field extraction"],"fullName":"Chat.vue mapMsg field extraction falls back to m.metadata.image when m.image is absent","status":"passed","title":"falls back to m.metadata.image when m.image is absent","duration":27.135999999998603,"failureMessages":[],"meta":{}},{"ancestorTitles":["Chat.vue mapMsg field extraction"],"fullName":"Chat.vue mapMsg field extraction uses m.model directly when present","status":"passed","title":"uses m.model directly when present","duration":28.72360000000117,"failureMessages":[],"meta":{}},{"ancestorTitles":["Chat.vue mapMsg field extraction"],"fullName":"Chat.vue mapMsg field extraction falls back to m.metadata.model when m.model is absent","status":"passed","title":"falls back to m.metadata.model when m.model is absent","duration":28.157400000000052,"failureMessages":[],"meta":{}},{"ancestorTitles":["Chat.vue sendMessage streaming"],"fullName":"Chat.vue sendMessage streaming appends the user message and streams the assistant reply via onDone","status":"passed","title":"appends the user message and streams the assistant reply via onDone","duration":64.03679999999804,"failureMessages":[],"meta":{}},{"ancestorTitles":["Chat.vue sendMessage streaming"],"fullName":"Chat.vue sendMessage streaming appends an error message when the stream reports onError","status":"passed","title":"appends an error message when the stream reports onError","duration":21.58139999999912,"failureMessages":[],"meta":{}},{"ancestorTitles":["Chat.vue sendMessage streaming"],"fullName":"Chat.vue sendMessage streaming appends a connection error when stream() throws","status":"passed","title":"appends a connection error when stream() throws","duration":42.904099999999744,"failureMessages":[],"meta":{}},{"ancestorTitles":["Chat.vue sendMessage streaming"],"fullName":"Chat.vue sendMessage streaming does nothing when no agent is selected","status":"passed","title":"does nothing when no agent is selected","duration":19.511200000000827,"failureMessages":[],"meta":{}}],"startTime":1789313922180,"endTime":1789313922696.5112,"status":"passed","message":"","name":"F:/Nexus/MAOP/dashboard-enterprise/src/__tests__/Chat.test.js"},{"assertionResults":[{"ancestorTitles":["CommandPalette"],"fullName":"CommandPalette exposes command sources from nav (≥ 15 routes)","status":"passed","title":"exposes command sources from nav (≥ 15 routes)","duration":64.63090000000011,"failureMessages":[],"meta":{}},{"ancestorTitles":["CommandPalette"],"fullName":"CommandPalette filters commands by query","status":"passed","title":"filters commands by query","duration":14.640299999999115,"failureMessages":[],"meta":{}},{"ancestorTitles":["CommandPalette"],"fullName":"CommandPalette returns empty results for garbage query","status":"passed","title":"returns empty results for garbage query","duration":8.171500000000378,"failureMessages":[],"meta":{}},{"ancestorTitles":["CommandPalette"],"fullName":"CommandPalette keys: Cmd+K toggles open","status":"passed","title":"keys: Cmd+K toggles open","duration":13.749400000000605,"failureMessages":[],"meta":{}}],"startTime":1789313922864,"endTime":1789313922964.7495,"status":"passed","message":"","name":"F:/Nexus/MAOP/dashboard-enterprise/src/__tests__/CommandPalette.test.js"},{"assertionResults":[{"ancestorTitles":["StatCard component"],"fullName":"StatCard component renders label and value","status":"passed","title":"renders label and value","duration":27.26560000000063,"failureMessages":[],"meta":{}},{"ancestorTitles":["StatCard component"],"fullName":"StatCard component renders icon when provided","status":"passed","title":"renders icon when provided","duration":24.977999999999156,"failureMessages":[],"meta":{}},{"ancestorTitles":["StatCard component"],"fullName":"StatCard component omits icon tile when no icon","status":"passed","title":"omits icon tile when no icon","duration":5.9156999999977415,"failureMessages":[],"meta":{}},{"ancestorTitles":["StatCard component"],"fullName":"StatCard component applies tone prop for success/fail/warn styling","status":"passed","title":"applies tone prop for success/fail/warn styling","duration":4.108299999999872,"failureMessages":[],"meta":{}},{"ancestorTitles":["StatCard component"],"fullName":"StatCard component renders unit when provided","status":"passed","title":"renders unit when provided","duration":4.301300000002811,"failureMessages":[],"meta":{}},{"ancestorTitles":["StatCard component"],"fullName":"StatCard component renders delta with up/down class","status":"passed","title":"renders delta with up/down class","duration":13.766100000000733,"failureMessages":[],"meta":{}},{"ancestorTitles":["StatCard component"],"fullName":"StatCard component renders negative delta with is-down class","status":"passed","title":"renders negative delta with is-down class","duration":6.11160000000018,"failureMessages":[],"meta":{}},{"ancestorTitles":["StatCard component"],"fullName":"StatCard component shows skeleton when loading","status":"passed","title":"shows skeleton when loading","duration":3.766700000000128,"failureMessages":[],"meta":{}}],"startTime":1789313921976,"endTime":1789313922066.7666,"status":"passed","message":"","name":"F:/Nexus/MAOP/dashboard-enterprise/src/__tests__/components.test.js"},{"assertionResults":[{"ancestorTitles":["ControlPanel.vue"],"fullName":"ControlPanel.vue renders the control-panel root element","status":"passed","title":"renders the control-panel root element","duration":160.40239999999903,"failureMessages":[],"meta":{}},{"ancestorTitles":["ControlPanel.vue"],"fullName":"ControlPanel.vue renders execution control buttons (run/pause/resume/stop)","status":"passed","title":"renders execution control buttons (run/pause/resume/stop)","duration":81.553100000001,"failureMessages":[],"meta":{}},{"ancestorTitles":["ControlPanel.vue"],"fullName":"ControlPanel.vue renders running jobs when /api/control/status returns jobs","status":"passed","title":"renders running jobs when /api/control/status returns jobs","duration":70.27119999999923,"failureMessages":[],"meta":{}},{"ancestorTitles":["ControlPanel.vue"],"fullName":"ControlPanel.vue renders agent upgrade rows when /api/agent/upgrade returns agents","status":"passed","title":"renders agent upgrade rows when /api/agent/upgrade returns agents","duration":64.09609999999884,"failureMessages":[],"meta":{}},{"ancestorTitles":["ControlPanel.vue"],"fullName":"ControlPanel.vue does not crash when /api/control/status fails","status":"passed","title":"does not crash when /api/control/status fails","duration":63.308499999999185,"failureMessages":[],"meta":{}},{"ancestorTitles":["ControlPanel.vue"],"fullName":"ControlPanel.vue does not crash when /api/agent/upgrade fails","status":"passed","title":"does not crash when /api/agent/upgrade fails","duration":45.92610000000059,"failureMessages":[],"meta":{}}],"startTime":1789313922796,"endTime":1789313923281.926,"status":"passed","message":"","name":"F:/Nexus/MAOP/dashboard-enterprise/src/__tests__/ControlPanel.test.js"},{"assertionResults":[{"ancestorTitles":["Cost.vue"],"fullName":"Cost.vue renders the cost root element","status":"passed","title":"renders the cost root element","duration":576.6258999999991,"failureMessages":[],"meta":{}},{"ancestorTitles":["Cost.vue"],"fullName":"Cost.vue renders stat cards with loaded summary values","status":"passed","title":"renders stat cards with loaded summary values","duration":148.16049999999814,"failureMessages":[],"meta":{}},{"ancestorTitles":["Cost.vue"],"fullName":"Cost.vue reloads data when the period segmented control is switched","status":"passed","title":"reloads data when the period segmented control is switched","duration":269.92409999999654,"failureMessages":[],"meta":{}},{"ancestorTitles":["Cost.vue"],"fullName":"Cost.vue shows empty state when no agent spend is returned","status":"passed","title":"shows empty state when no agent spend is returned","duration":83.22819999999774,"failureMessages":[],"meta":{}},{"ancestorTitles":["Cost.vue"],"fullName":"Cost.vue does not crash when /api/cost/summary fails","status":"passed","title":"does not crash when /api/cost/summary fails","duration":69.48309999999765,"failureMessages":[],"meta":{}}],"startTime":1789313896582,"endTime":1789313897729.4832,"status":"passed","message":"","name":"F:/Nexus/MAOP/dashboard-enterprise/src/__tests__/Cost.test.js"},{"assertionResults":[{"ancestorTitles":["Debate.vue"],"fullName":"Debate.vue renders the debate-view root element","status":"passed","title":"renders the debate-view root element","duration":224.18160000000353,"failureMessages":[],"meta":{}},{"ancestorTitles":["Debate.vue"],"fullName":"Debate.vue renders history tab content by default","status":"passed","title":"renders history tab content by default","duration":153.37449999999808,"failureMessages":[],"meta":{}},{"ancestorTitles":["Debate.vue"],"fullName":"Debate.vue renders verdict rows when /api/debate/history returns data","status":"passed","title":"renders verdict rows when /api/debate/history returns data","duration":280.223699999995,"failureMessages":[],"meta":{}},{"ancestorTitles":["Debate.vue"],"fullName":"Debate.vue switches to start tab and shows the start form","status":"passed","title":"switches to start tab and shows the start form","duration":218.4731000000029,"failureMessages":[],"meta":{}},{"ancestorTitles":["Debate.vue"],"fullName":"Debate.vue switches to config tab and shows the config form","status":"passed","title":"switches to config tab and shows the config form","duration":62.55460000000312,"failureMessages":[],"meta":{}},{"ancestorTitles":["Debate.vue"],"fullName":"Debate.vue opens verdict detail drawer when details button clicked","status":"passed","title":"opens verdict detail drawer when details button clicked","duration":103.73310000000492,"failureMessages":[],"meta":{}},{"ancestorTitles":["Debate.vue"],"fullName":"Debate.vue does not crash when API endpoints fail","status":"passed","title":"does not crash when API endpoints fail","duration":132.44019999999728,"failureMessages":[],"meta":{}},{"ancestorTitles":["Debate.vue"],"fullName":"Debate.vue displays consensus badge for high-consensus verdicts","status":"passed","title":"displays consensus badge for high-consensus verdicts","duration":117.92520000000513,"failureMessages":[],"meta":{}},{"ancestorTitles":["Debate.vue"],"fullName":"Debate.vue formats consensus score as percentage","status":"passed","title":"formats consensus score as percentage","duration":50.68470000000525,"failureMessages":[],"meta":{}},{"ancestorTitles":["Debate.vue"],"fullName":"Debate.vue shows loading skeleton while fetching history","status":"passed","title":"shows loading skeleton while fetching history","duration":52.500700000004144,"failureMessages":[],"meta":{}}],"startTime":1789313896244,"endTime":1789313897640.5007,"status":"passed","message":"","name":"F:/Nexus/MAOP/dashboard-enterprise/src/__tests__/Debate.test.js"},{"assertionResults":[{"ancestorTitles":["Docs.vue"],"fullName":"Docs.vue renders the docs-page root element","status":"passed","title":"renders the docs-page root element","duration":127.09940000000279,"failureMessages":[],"meta":{}},{"ancestorTitles":["Docs.vue"],"fullName":"Docs.vue renders the docs-layout with sidebar and content sections","status":"passed","title":"renders the docs-layout with sidebar and content sections","duration":51.69959999999992,"failureMessages":[],"meta":{}},{"ancestorTitles":["Docs.vue"],"fullName":"Docs.vue renders documentation category headings in the sidebar","status":"passed","title":"renders documentation category headings in the sidebar","duration":63.74360000000161,"failureMessages":[],"meta":{}},{"ancestorTitles":["Docs.vue"],"fullName":"Docs.vue renders doc list items as clickable buttons","status":"passed","title":"renders doc list items as clickable buttons","duration":52.01120000000083,"failureMessages":[],"meta":{}},{"ancestorTitles":["Docs.vue"],"fullName":"Docs.vue renders either the article, loading, or empty state in the content area","status":"passed","title":"renders either the article, loading, or empty state in the content area","duration":50.708499999997,"failureMessages":[],"meta":{}}],"startTime":1789313922035,"endTime":1789313922380.7085,"status":"passed","message":"","name":"F:/Nexus/MAOP/dashboard-enterprise/src/__tests__/Docs.test.js"},{"assertionResults":[{"ancestorTitles":["EvolutionHistory.vue"],"fullName":"EvolutionHistory.vue renders the evo-history-page root element","status":"passed","title":"renders the evo-history-page root element","duration":184.3742999999995,"failureMessages":[],"meta":{}},{"ancestorTitles":["EvolutionHistory.vue"],"fullName":"EvolutionHistory.vue renders 4 stat cards (cycles/promotions/rollbacks/pending)","status":"passed","title":"renders 4 stat cards (cycles/promotions/rollbacks/pending)","duration":83.62879999999859,"failureMessages":[],"meta":{}},{"ancestorTitles":["EvolutionHistory.vue"],"fullName":"EvolutionHistory.vue renders 4 Card sections (cycles/ab/deploy/pending)","status":"passed","title":"renders 4 Card sections (cycles/ab/deploy/pending)","duration":98.96930000000066,"failureMessages":[],"meta":{}},{"ancestorTitles":["EvolutionHistory.vue"],"fullName":"EvolutionHistory.vue renders pending approval items when /api/evolution/pending returns data","status":"passed","title":"renders pending approval items when /api/evolution/pending returns data","duration":74.97919999999795,"failureMessages":[],"meta":{}},{"ancestorTitles":["EvolutionHistory.vue"],"fullName":"EvolutionHistory.vue does not crash when all evolution endpoints fail","status":"passed","title":"does not crash when all evolution endpoints fail","duration":66.6964999999982,"failureMessages":[],"meta":{}}],"startTime":1789313922611,"endTime":1789313923119.6965,"status":"passed","message":"","name":"F:/Nexus/MAOP/dashboard-enterprise/src/__tests__/EvolutionHistory.test.js"},{"assertionResults":[{"ancestorTitles":["EvolutionTimeline"],"fullName":"EvolutionTimeline renders a node per item (3 nodes)","status":"passed","title":"renders a node per item (3 nodes)","duration":119.6242999999995,"failureMessages":[],"meta":{}},{"ancestorTitles":["EvolutionTimeline"],"fullName":"EvolutionTimeline shows versions and agent names","status":"passed","title":"shows versions and agent names","duration":24.513699999999517,"failureMessages":[],"meta":{}},{"ancestorTitles":["EvolutionTimeline"],"fullName":"EvolutionTimeline marks improved nodes with is-gain class","status":"passed","title":"marks improved nodes with is-gain class","duration":19.72230000000127,"failureMessages":[],"meta":{}},{"ancestorTitles":["EvolutionTimeline"],"fullName":"EvolutionTimeline renders empty state when no items","status":"passed","title":"renders empty state when no items","duration":12.803599999999278,"failureMessages":[],"meta":{}}],"startTime":1789313922805,"endTime":1789313922981.8037,"status":"passed","message":"","name":"F:/Nexus/MAOP/dashboard-enterprise/src/__tests__/EvolutionTimeline.test.js"},{"assertionResults":[{"ancestorTitles":["Evolve.vue"],"fullName":"Evolve.vue renders the evolve root element","status":"passed","title":"renders the evolve root element","duration":233.19840000000113,"failureMessages":[],"meta":{}},{"ancestorTitles":["Evolve.vue"],"fullName":"Evolve.vue renders per-agent stats rows when status returns by_agent data","status":"passed","title":"renders per-agent stats rows when status returns by_agent data","duration":112.33919999999853,"failureMessages":[],"meta":{}},{"ancestorTitles":["Evolve.vue"],"fullName":"Evolve.vue POSTs to /api/evolve/analyze when the trigger button is clicked","status":"passed","title":"POSTs to /api/evolve/analyze when the trigger button is clicked","duration":123.14579999999842,"failureMessages":[],"meta":{}},{"ancestorTitles":["Evolve.vue"],"fullName":"Evolve.vue shows empty state when no agent stats are returned","status":"passed","title":"shows empty state when no agent stats are returned","duration":50.231699999996636,"failureMessages":[],"meta":{}},{"ancestorTitles":["Evolve.vue"],"fullName":"Evolve.vue does not crash when /api/evolve/status fails","status":"passed","title":"does not crash when /api/evolve/status fails","duration":53.512000000002445,"failureMessages":[],"meta":{}}],"startTime":1789313923047,"endTime":1789313923619.512,"status":"passed","message":"","name":"F:/Nexus/MAOP/dashboard-enterprise/src/__tests__/Evolve.test.js"},{"assertionResults":[{"ancestorTitles":["Feedback.vue"],"fullName":"Feedback.vue renders the fb-view root element","status":"passed","title":"renders the fb-view root element","duration":173.94810000000143,"failureMessages":[],"meta":{}},{"ancestorTitles":["Feedback.vue"],"fullName":"Feedback.vue renders empty state when no feedback exists","status":"passed","title":"renders empty state when no feedback exists","duration":62.14289999999892,"failureMessages":[],"meta":{}},{"ancestorTitles":["Feedback.vue"],"fullName":"Feedback.vue renders feedback rows when /api/feedback returns data","status":"passed","title":"renders feedback rows when /api/feedback returns data","duration":97.3292999999976,"failureMessages":[],"meta":{}},{"ancestorTitles":["Feedback.vue"],"fullName":"Feedback.vue opens submit feedback modal when Submit Feedback button clicked","status":"passed","title":"opens submit feedback modal when Submit Feedback button clicked","duration":132.89190000000235,"failureMessages":[],"meta":{}},{"ancestorTitles":["Feedback.vue"],"fullName":"Feedback.vue renders summary KPIs when summary endpoint returns data","status":"passed","title":"renders summary KPIs when summary endpoint returns data","duration":134.80679999999847,"failureMessages":[],"meta":{}},{"ancestorTitles":["Feedback.vue"],"fullName":"Feedback.vue renders rating distribution bars in summary","status":"passed","title":"renders rating distribution bars in summary","duration":64.9919000000009,"failureMessages":[],"meta":{}},{"ancestorTitles":["Feedback.vue"],"fullName":"Feedback.vue shows error state when API fails","status":"passed","title":"shows error state when API fails","duration":33.4597999999969,"failureMessages":[],"meta":{}},{"ancestorTitles":["Feedback.vue"],"fullName":"Feedback.vue displays target type badges with correct labels","status":"passed","title":"displays target type badges with correct labels","duration":134.84330000000045,"failureMessages":[],"meta":{}},{"ancestorTitles":["Feedback.vue"],"fullName":"Feedback.vue does not crash when endpoints return malformed data","status":"passed","title":"does not crash when endpoints return malformed data","duration":96.60859999999957,"failureMessages":[],"meta":{}}],"startTime":1789313896161,"endTime":1789313897092.6086,"status":"passed","message":"","name":"F:/Nexus/MAOP/dashboard-enterprise/src/__tests__/Feedback.test.js"},{"assertionResults":[{"ancestorTitles":["FilterBar"],"fullName":"FilterBar renders search input and selects from schema","status":"passed","title":"renders search input and selects from schema","duration":59.17840000000069,"failureMessages":[],"meta":{}},{"ancestorTitles":["FilterBar"],"fullName":"FilterBar renders an option set only when options exist (empty options → no select)","status":"passed","title":"renders an option set only when options exist (empty options → no select)","duration":16.013100000000122,"failureMessages":[],"meta":{}},{"ancestorTitles":["FilterBar"],"fullName":"FilterBar mutates modelValue object on input (no emit needed)","status":"passed","title":"mutates modelValue object on input (no emit needed)","duration":25.17540000000008,"failureMessages":[],"meta":{}},{"ancestorTitles":["FilterBar"],"fullName":"FilterBar mutates modelValue on select change","status":"passed","title":"mutates modelValue on select change","duration":10.393800000001647,"failureMessages":[],"meta":{}}],"startTime":1789313922770,"endTime":1789313922881.3938,"status":"passed","message":"","name":"F:/Nexus/MAOP/dashboard-enterprise/src/__tests__/FilterBar.test.js"},{"assertionResults":[{"ancestorTitles":["Settings.vue Hook 管理 Tab"],"fullName":"Settings.vue Hook 管理 Tab renders the Hook Management tab button","status":"passed","title":"renders the Hook Management tab button","duration":172.53639999999723,"failureMessages":[],"meta":{}},{"ancestorTitles":["Settings.vue Hook 管理 Tab"],"fullName":"Settings.vue Hook 管理 Tab shows hooks panel when hooks tab is clicked","status":"passed","title":"shows hooks panel when hooks tab is clicked","duration":104.66870000000199,"failureMessages":[],"meta":{}},{"ancestorTitles":["Settings.vue Hook 管理 Tab"],"fullName":"Settings.vue Hook 管理 Tab renders hook list table with loaded hooks","status":"passed","title":"renders hook list table with loaded hooks","duration":100.6655000000028,"failureMessages":[],"meta":{}},{"ancestorTitles":["Settings.vue Hook 管理 Tab"],"fullName":"Settings.vue Hook 管理 Tab shows empty state when no hooks","status":"passed","title":"shows empty state when no hooks","duration":158.29699999999866,"failureMessages":[],"meta":{}},{"ancestorTitles":["Settings.vue Hook 管理 Tab"],"fullName":"Settings.vue Hook 管理 Tab opens create dialog when New Hook button is clicked","status":"passed","title":"opens create dialog when New Hook button is clicked","duration":125.81579999999667,"failureMessages":[],"meta":{}},{"ancestorTitles":["Settings.vue Hook 管理 Tab"],"fullName":"Settings.vue Hook 管理 Tab submits create form and calls POST /api/hooks","status":"passed","title":"submits create form and calls POST /api/hooks","duration":228.58299999999872,"failureMessages":[],"meta":{}},{"ancestorTitles":["Settings.vue Hook 管理 Tab"],"fullName":"Settings.vue Hook 管理 Tab opens edit dialog with hook data when Edit button is clicked","status":"passed","title":"opens edit dialog with hook data when Edit button is clicked","duration":178.04839999999967,"failureMessages":[],"meta":{}},{"ancestorTitles":["Settings.vue Hook 管理 Tab"],"fullName":"Settings.vue Hook 管理 Tab calls DELETE /api/hooks/{id} when Delete is confirmed","status":"passed","title":"calls DELETE /api/hooks/{id} when Delete is confirmed","duration":100.56730000000243,"failureMessages":[],"meta":{}},{"ancestorTitles":["Settings.vue Hook 管理 Tab"],"fullName":"Settings.vue Hook 管理 Tab toggles hook enabled state via enable/disable endpoint","status":"passed","title":"toggles hook enabled state via enable/disable endpoint","duration":105.25179999999818,"failureMessages":[],"meta":{}},{"ancestorTitles":["Settings.vue Hook 管理 Tab"],"fullName":"Settings.vue Hook 管理 Tab populates event select with options from /api/hooks/events","status":"passed","title":"populates event select with options from /api/hooks/events","duration":85.81820000000153,"failureMessages":[],"meta":{}},{"ancestorTitles":["Settings.vue Hook 管理 Tab"],"fullName":"Settings.vue Hook 管理 Tab calls POST /api/hooks/{id}/test when Test button is clicked","status":"passed","title":"calls POST /api/hooks/{id}/test when Test button is clicked","duration":66.32600000000093,"failureMessages":[],"meta":{}}],"startTime":1789313896107,"endTime":1789313897534.326,"status":"passed","message":"","name":"F:/Nexus/MAOP/dashboard-enterprise/src/__tests__/HooksSettings.test.js"},{"assertionResults":[{"ancestorTitles":["i18n t() interpolation"],"fullName":"i18n t() interpolation replaces {name} placeholder with params.name","status":"passed","title":"replaces {name} placeholder with params.name","duration":7.904899999999543,"failureMessages":[],"meta":{}},{"ancestorTitles":["i18n t() interpolation"],"fullName":"i18n t() interpolation returns the raw string when no params are given","status":"passed","title":"returns the raw string when no params are given","duration":1.012800000000425,"failureMessages":[],"meta":{}},{"ancestorTitles":["i18n t() interpolation"],"fullName":"i18n t() interpolation returns the key itself when the key is missing from the dictionary","status":"passed","title":"returns the key itself when the key is missing from the dictionary","duration":0.6602999999995518,"failureMessages":[],"meta":{}},{"ancestorTitles":["i18n t() interpolation"],"fullName":"i18n t() interpolation keeps placeholder as-is when the matching param is missing","status":"passed","title":"keeps placeholder as-is when the matching param is missing","duration":0.683100000000195,"failureMessages":[],"meta":{}},{"ancestorTitles":["i18n t() interpolation"],"fullName":"i18n t() interpolation replaces multiple placeholders in one string","status":"passed","title":"replaces multiple placeholders in one string","duration":0.5619999999998981,"failureMessages":[],"meta":{}},{"ancestorTitles":["i18n t() interpolation"],"fullName":"i18n t() interpolation stringifies non-string param values during replacement","status":"passed","title":"stringifies non-string param values during replacement","duration":0.7819999999992433,"failureMessages":[],"meta":{}},{"ancestorTitles":["i18n t() interpolation"],"fullName":"i18n t() interpolation treats null param value as missing (keeps placeholder)","status":"passed","title":"treats null param value as missing (keeps placeholder)","duration":0.5529999999998836,"failureMessages":[],"meta":{}}],"startTime":1789313922734,"endTime":1789313922746.553,"status":"passed","message":"","name":"F:/Nexus/MAOP/dashboard-enterprise/src/__tests__/i18n.test.js"},{"assertionResults":[{"ancestorTitles":["Integrations.vue"],"fullName":"Integrations.vue renders the integrations-view root element","status":"passed","title":"renders the integrations-view root element","duration":362.37940000000526,"failureMessages":[],"meta":{}},{"ancestorTitles":["Integrations.vue"],"fullName":"Integrations.vue renders workflows tab content by default","status":"passed","title":"renders workflows tab content by default","duration":226.12570000000414,"failureMessages":[],"meta":{}},{"ancestorTitles":["Integrations.vue"],"fullName":"Integrations.vue renders workflow rows when /api/n8n/workflows returns data","status":"passed","title":"renders workflow rows when /api/n8n/workflows returns data","duration":103.06840000000375,"failureMessages":[],"meta":{}},{"ancestorTitles":["Integrations.vue"],"fullName":"Integrations.vue switches to executions tab","status":"passed","title":"switches to executions tab","duration":94.28020000000106,"failureMessages":[],"meta":{}},{"ancestorTitles":["Integrations.vue"],"fullName":"Integrations.vue switches to health tab and shows health check button","status":"passed","title":"switches to health tab and shows health check button","duration":107.7158999999956,"failureMessages":[],"meta":{}},{"ancestorTitles":["Integrations.vue"],"fullName":"Integrations.vue runs health check and displays result","status":"passed","title":"runs health check and displays result","duration":126.5370000000039,"failureMessages":[],"meta":{}},{"ancestorTitles":["Integrations.vue"],"fullName":"Integrations.vue opens trigger modal when trigger button clicked","status":"passed","title":"opens trigger modal when trigger button clicked","duration":103.92949999999837,"failureMessages":[],"meta":{}},{"ancestorTitles":["Integrations.vue"],"fullName":"Integrations.vue does not crash when all API endpoints fail","status":"passed","title":"does not crash when all API endpoints fail","duration":100.63709999999992,"failureMessages":[],"meta":{}},{"ancestorTitles":["Integrations.vue"],"fullName":"Integrations.vue displays active badge for active workflows","status":"passed","title":"displays active badge for active workflows","duration":60.352200000001176,"failureMessages":[],"meta":{}},{"ancestorTitles":["Integrations.vue"],"fullName":"Integrations.vue shows stats overview with workflow counts","status":"passed","title":"shows stats overview with workflow counts","duration":81.23229999999603,"failureMessages":[],"meta":{}}],"startTime":1789313896321,"endTime":1789313897688.2324,"status":"passed","message":"","name":"F:/Nexus/MAOP/dashboard-enterprise/src/__tests__/Integrations.test.js"},{"assertionResults":[{"ancestorTitles":["KnowledgeGraph.vue"],"fullName":"KnowledgeGraph.vue renders the knowledge graph root element","status":"passed","title":"renders the knowledge graph root element","duration":121.27779999999984,"failureMessages":[],"meta":{}},{"ancestorTitles":["KnowledgeGraph.vue"],"fullName":"KnowledgeGraph.vue renders the filter panel with 4 node type checkboxes","status":"passed","title":"renders the filter panel with 4 node type checkboxes","duration":40.32589999999982,"failureMessages":[],"meta":{}},{"ancestorTitles":["KnowledgeGraph.vue"],"fullName":"KnowledgeGraph.vue renders the graph canvas area","status":"passed","title":"renders the graph canvas area","duration":35.87879999999859,"failureMessages":[],"meta":{}},{"ancestorTitles":["KnowledgeGraph.vue"],"fullName":"KnowledgeGraph.vue renders the timeline panel","status":"passed","title":"renders the timeline panel","duration":42.17829999999958,"failureMessages":[],"meta":{}},{"ancestorTitles":["KnowledgeGraph.vue"],"fullName":"KnowledgeGraph.vue displays node and edge counts in the toolbar","status":"passed","title":"displays node and edge counts in the toolbar","duration":32.12830000000031,"failureMessages":[],"meta":{}},{"ancestorTitles":["KnowledgeGraph.vue"],"fullName":"KnowledgeGraph.vue shows empty state when graph has no nodes","status":"passed","title":"shows empty state when graph has no nodes","duration":29.131600000000617,"failureMessages":[],"meta":{}},{"ancestorTitles":["KnowledgeGraph.vue"],"fullName":"KnowledgeGraph.vue shows error banner when API fails","status":"passed","title":"shows error banner when API fails","duration":30.697400000000926,"failureMessages":[],"meta":{}},{"ancestorTitles":["KnowledgeGraph.vue"],"fullName":"KnowledgeGraph.vue toggling a node type checkbox updates the filter","status":"passed","title":"toggling a node type checkbox updates the filter","duration":19.937200000000303,"failureMessages":[],"meta":{}},{"ancestorTitles":["KnowledgeGraph.vue"],"fullName":"KnowledgeGraph.vue typing in the search box updates the search keyword","status":"passed","title":"typing in the search box updates the search keyword","duration":16.617299999998068,"failureMessages":[],"meta":{}},{"ancestorTitles":["KnowledgeGraph.vue"],"fullName":"KnowledgeGraph.vue clicking refresh re-fetches the graph","status":"passed","title":"clicking refresh re-fetches the graph","duration":31.733499999998457,"failureMessages":[],"meta":{}},{"ancestorTitles":["KnowledgeGraph.vue"],"fullName":"KnowledgeGraph.vue renders the limit input with default 500","status":"passed","title":"renders the limit input with default 500","duration":9.620999999999185,"failureMessages":[],"meta":{}},{"ancestorTitles":["KnowledgeGraph.vue"],"fullName":"KnowledgeGraph.vue renders the min confidence range input","status":"passed","title":"renders the min confidence range input","duration":9.77219999999943,"failureMessages":[],"meta":{}},{"ancestorTitles":["useKnowledgeGraph composable"],"fullName":"useKnowledgeGraph composable computeReachablePath returns BFS-reachable node ids","status":"passed","title":"computeReachablePath returns BFS-reachable node ids","duration":0.49649999999746797,"failureMessages":[],"meta":{}},{"ancestorTitles":["useKnowledgeGraph composable"],"fullName":"useKnowledgeGraph composable computeReachablePath respects maxDepth","status":"passed","title":"computeReachablePath respects maxDepth","duration":0.20659999999770662,"failureMessages":[],"meta":{}},{"ancestorTitles":["useKnowledgeGraph composable"],"fullName":"useKnowledgeGraph composable computeShortestPath finds the shortest path","status":"passed","title":"computeShortestPath finds the shortest path","duration":0.6144999999996799,"failureMessages":[],"meta":{}},{"ancestorTitles":["useKnowledgeGraph composable"],"fullName":"useKnowledgeGraph composable computeShortestPath returns null when no path","status":"passed","title":"computeShortestPath returns null when no path","duration":0.31229999999777647,"failureMessages":[],"meta":{}},{"ancestorTitles":["useKnowledgeGraph composable"],"fullName":"useKnowledgeGraph composable toVisNode maps node to vis-network DTO with type-based style","status":"passed","title":"toVisNode maps node to vis-network DTO with type-based style","duration":0.41679999999905704,"failureMessages":[],"meta":{}},{"ancestorTitles":["useKnowledgeGraph composable"],"fullName":"useKnowledgeGraph composable toVisEdge maps edge to vis-network DTO with type-based style","status":"passed","title":"toVisEdge maps edge to vis-network DTO with type-based style","duration":0.3161000000000058,"failureMessages":[],"meta":{}},{"ancestorTitles":["useKnowledgeGraph composable"],"fullName":"useKnowledgeGraph composable useKnowledgeGraph initializes with default state","status":"passed","title":"useKnowledgeGraph initializes with default state","duration":0.9966999999996915,"failureMessages":[],"meta":{}},{"ancestorTitles":["useKnowledgeGraph composable"],"fullName":"useKnowledgeGraph composable toggleType adds and removes types","status":"passed","title":"toggleType adds and removes types","duration":0.2999000000017986,"failureMessages":[],"meta":{}},{"ancestorTitles":["useKnowledgeGraph composable"],"fullName":"useKnowledgeGraph composable resetFilters restores defaults","status":"passed","title":"resetFilters restores defaults","duration":0.32890000000043074,"failureMessages":[],"meta":{}}],"startTime":1789313923105,"endTime":1789313923529.3289,"status":"passed","message":"","name":"F:/Nexus/MAOP/dashboard-enterprise/src/__tests__/KnowledgeGraph.test.js"},{"assertionResults":[{"ancestorTitles":["Licenses.vue"],"fullName":"Licenses.vue renders the licenses root element","status":"passed","title":"renders the licenses root element","duration":192.16189999999915,"failureMessages":[],"meta":{}},{"ancestorTitles":["Licenses.vue"],"fullName":"Licenses.vue renders DataTable with loaded licenses","status":"passed","title":"renders DataTable with loaded licenses","duration":285.7044999999998,"failureMessages":[],"meta":{}},{"ancestorTitles":["Licenses.vue"],"fullName":"Licenses.vue masks the license key in the table (maop_xxxx_****)","status":"passed","title":"masks the license key in the table (maop_xxxx_****)","duration":139.02120000000286,"failureMessages":[],"meta":{}},{"ancestorTitles":["Licenses.vue"],"fullName":"Licenses.vue shows empty state when no licenses","status":"passed","title":"shows empty state when no licenses","duration":85.05879999999888,"failureMessages":[],"meta":{}},{"ancestorTitles":["Licenses.vue"],"fullName":"Licenses.vue shows inline error when list API fails","status":"passed","title":"shows inline error when list API fails","duration":79.3070000000007,"failureMessages":[],"meta":{}},{"ancestorTitles":["Licenses.vue"],"fullName":"Licenses.vue renders three StatCards for totals","status":"passed","title":"renders three StatCards for totals","duration":103.2448000000004,"failureMessages":[],"meta":{}},{"ancestorTitles":["Licenses.vue"],"fullName":"Licenses.vue opens generate dialog when Generate button is clicked","status":"passed","title":"opens generate dialog when Generate button is clicked","duration":64.13029999999708,"failureMessages":[],"meta":{}},{"ancestorTitles":["Licenses.vue"],"fullName":"Licenses.vue shows form validation error when customer name is empty","status":"passed","title":"shows form validation error when customer name is empty","duration":54.616399999998976,"failureMessages":[],"meta":{}},{"ancestorTitles":["Licenses.vue"],"fullName":"Licenses.vue posts to /api/licenses/create on valid submit","status":"passed","title":"posts to /api/licenses/create on valid submit","duration":66.8801999999996,"failureMessages":[],"meta":{}},{"ancestorTitles":["Licenses.vue"],"fullName":"Licenses.vue opens detail drawer when a table row is clicked","status":"passed","title":"opens detail drawer when a table row is clicked","duration":86.39090000000579,"failureMessages":[],"meta":{}},{"ancestorTitles":["Licenses.vue"],"fullName":"Licenses.vue applies success tone (green) for trial status","status":"passed","title":"applies success tone (green) for trial status","duration":40.61740000000282,"failureMessages":[],"meta":{}},{"ancestorTitles":["Licenses.vue"],"fullName":"Licenses.vue applies info tone (blue) for active status","status":"passed","title":"applies info tone (blue) for active status","duration":31.432200000002922,"failureMessages":[],"meta":{}},{"ancestorTitles":["Licenses.vue"],"fullName":"Licenses.vue applies fail tone (red) for expired status","status":"passed","title":"applies fail tone (red) for expired status","duration":23.445299999999406,"failureMessages":[],"meta":{}},{"ancestorTitles":["Licenses.vue"],"fullName":"Licenses.vue applies warn tone (orange) for revoked status","status":"passed","title":"applies warn tone (orange) for revoked status","duration":23.082299999994575,"failureMessages":[],"meta":{}}],"startTime":1789313896580,"endTime":1789313897856.0823,"status":"passed","message":"","name":"F:/Nexus/MAOP/dashboard-enterprise/src/__tests__/Licenses.test.js"},{"assertionResults":[{"ancestorTitles":["ListPageLayout"],"fullName":"ListPageLayout renders content slot in happy path","status":"passed","title":"renders content slot in happy path","duration":76.29790000000139,"failureMessages":[],"meta":{}},{"ancestorTitles":["ListPageLayout"],"fullName":"ListPageLayout shows skeleton while loading (content hidden)","status":"passed","title":"shows skeleton while loading (content hidden)","duration":18.851200000000972,"failureMessages":[],"meta":{}},{"ancestorTitles":["ListPageLayout"],"fullName":"ListPageLayout renders error slot when error present","status":"passed","title":"renders error slot when error present","duration":13.1903999999995,"failureMessages":[],"meta":{}},{"ancestorTitles":["ListPageLayout"],"fullName":"ListPageLayout renders fallback empty state when empty and no itemsEmpty slot","status":"passed","title":"renders fallback empty state when empty and no itemsEmpty slot","duration":9.723599999997532,"failureMessages":[],"meta":{}},{"ancestorTitles":["ListPageLayout"],"fullName":"ListPageLayout prefers itemsEmpty slot over fallback","status":"passed","title":"prefers itemsEmpty slot over fallback","duration":15.77009999999791,"failureMessages":[],"meta":{}}],"startTime":1789313922842,"endTime":1789313922975.77,"status":"passed","message":"","name":"F:/Nexus/MAOP/dashboard-enterprise/src/__tests__/ListPageLayout.test.js"},{"assertionResults":[{"ancestorTitles":["Logs.vue"],"fullName":"Logs.vue renders the logs root element","status":"passed","title":"renders the logs root element","duration":459.35229999999865,"failureMessages":[],"meta":{}},{"ancestorTitles":["Logs.vue"],"fullName":"Logs.vue renders a log line per entry returned by the API","status":"passed","title":"renders a log line per entry returned by the API","duration":259.9144000000015,"failureMessages":[],"meta":{}},{"ancestorTitles":["Logs.vue"],"fullName":"Logs.vue filters log lines by the search input","status":"passed","title":"filters log lines by the search input","duration":247.08060000000114,"failureMessages":[],"meta":{}},{"ancestorTitles":["Logs.vue"],"fullName":"Logs.vue shows empty state when no logs are returned","status":"passed","title":"shows empty state when no logs are returned","duration":133.45899999999529,"failureMessages":[],"meta":{}},{"ancestorTitles":["Logs.vue"],"fullName":"Logs.vue does not crash when /api/logs fails","status":"passed","title":"does not crash when /api/logs fails","duration":52.003600000003644,"failureMessages":[],"meta":{}}],"startTime":1789313896580,"endTime":1789313897732.0037,"status":"passed","message":"","name":"F:/Nexus/MAOP/dashboard-enterprise/src/__tests__/Logs.test.js"},{"assertionResults":[{"ancestorTitles":["McpManager.vue"],"fullName":"McpManager.vue renders the mcp-view root element","status":"passed","title":"renders the mcp-view root element","duration":220.8385000000053,"failureMessages":[],"meta":{}},{"ancestorTitles":["McpManager.vue"],"fullName":"McpManager.vue renders servers tab content by default","status":"passed","title":"renders servers tab content by default","duration":140.07340000000113,"failureMessages":[],"meta":{}},{"ancestorTitles":["McpManager.vue"],"fullName":"McpManager.vue renders server rows when /api/mcp/servers returns data","status":"passed","title":"renders server rows when /api/mcp/servers returns data","duration":212.50010000000475,"failureMessages":[],"meta":{}},{"ancestorTitles":["McpManager.vue"],"fullName":"McpManager.vue renders tools list when /api/mcp/tools returns data","status":"passed","title":"renders tools list when /api/mcp/tools returns data","duration":235.00750000000698,"failureMessages":[],"meta":{}},{"ancestorTitles":["McpManager.vue"],"fullName":"McpManager.vue renders stats overview when /api/mcp/stats returns series","status":"passed","title":"renders stats overview when /api/mcp/stats returns series","duration":179.81070000000182,"failureMessages":[],"meta":{}},{"ancestorTitles":["McpManager.vue"],"fullName":"McpManager.vue renders concurrency table when tools exist","status":"passed","title":"renders concurrency table when tools exist","duration":148.45219999999972,"failureMessages":[],"meta":{}},{"ancestorTitles":["McpManager.vue"],"fullName":"McpManager.vue opens add-server modal when Add Server button clicked","status":"passed","title":"opens add-server modal when Add Server button clicked","duration":124.89839999999822,"failureMessages":[],"meta":{}},{"ancestorTitles":["McpManager.vue"],"fullName":"McpManager.vue does not crash when all API endpoints fail","status":"passed","title":"does not crash when all API endpoints fail","duration":94.64370000000054,"failureMessages":[],"meta":{}},{"ancestorTitles":["McpManager.vue"],"fullName":"McpManager.vue displays connected badge for connected servers","status":"passed","title":"displays connected badge for connected servers","duration":72.79419999999664,"failureMessages":[],"meta":{}}],"startTime":1789313896152,"endTime":1789313897582.7942,"status":"passed","message":"","name":"F:/Nexus/MAOP/dashboard-enterprise/src/__tests__/McpManager.test.js"},{"assertionResults":[{"ancestorTitles":["Models.vue reactive→ref usage"],"fullName":"Models.vue reactive→ref usage loads models into the models ref and renders modelRows","status":"passed","title":"loads models into the models ref and renders modelRows","duration":314.1712000000043,"failureMessages":[],"meta":{}},{"ancestorTitles":["Models.vue reactive→ref usage"],"fullName":"Models.vue reactive→ref usage loads providers into the providers ref and renders providerRows","status":"passed","title":"loads providers into the providers ref and renders providerRows","duration":185.53289999999834,"failureMessages":[],"meta":{}},{"ancestorTitles":["Models.vue reactive→ref usage"],"fullName":"Models.vue reactive→ref usage loads agents into the agents ref and renders agentRows","status":"passed","title":"loads agents into the agents ref and renders agentRows","duration":113.61379999999917,"failureMessages":[],"meta":{}},{"ancestorTitles":["Models.vue reactive→ref usage"],"fullName":"Models.vue reactive→ref usage loads policies into the policies ref and renders policyRows","status":"passed","title":"loads policies into the policies ref and renders policyRows","duration":258.63870000000315,"failureMessages":[],"meta":{}},{"ancestorTitles":["Models.vue reactive→ref usage"],"fullName":"Models.vue reactive→ref usage loads registry stats into the registry reactive and renders StatCards","status":"passed","title":"loads registry stats into the registry reactive and renders StatCards","duration":164.69900000000052,"failureMessages":[],"meta":{}},{"ancestorTitles":["Models.vue reactive→ref usage"],"fullName":"Models.vue reactive→ref usage ref reassignment on reload updates the rendered rows","status":"passed","title":"ref reassignment on reload updates the rendered rows","duration":299.012999999999,"failureMessages":[],"meta":{}}],"startTime":1789313896272,"endTime":1789313897608.013,"status":"passed","message":"","name":"F:/Nexus/MAOP/dashboard-enterprise/src/__tests__/Models.test.js"},{"assertionResults":[{"ancestorTitles":["Monitor.vue"],"fullName":"Monitor.vue renders the monitor root element","status":"passed","title":"renders the monitor root element","duration":406.5917999999947,"failureMessages":[],"meta":{}},{"ancestorTitles":["Monitor.vue"],"fullName":"Monitor.vue renders metric cards with loaded values","status":"passed","title":"renders metric cards with loaded values","duration":79.50340000000142,"failureMessages":[],"meta":{}},{"ancestorTitles":["Monitor.vue"],"fullName":"Monitor.vue shows SSE disconnected indicator by default","status":"passed","title":"shows SSE disconnected indicator by default","duration":94.77419999999984,"failureMessages":[],"meta":{}},{"ancestorTitles":["Monitor.vue"],"fullName":"Monitor.vue shows SSE connected indicator when realtime store is connected","status":"passed","title":"shows SSE connected indicator when realtime store is connected","duration":132.79329999999754,"failureMessages":[],"meta":{}},{"ancestorTitles":["Monitor.vue"],"fullName":"Monitor.vue switches to the maintenance tab on tab click","status":"passed","title":"switches to the maintenance tab on tab click","duration":163.53579999999783,"failureMessages":[],"meta":{}},{"ancestorTitles":["Monitor.vue"],"fullName":"Monitor.vue shows empty agent-status state when live data has no agents","status":"passed","title":"shows empty agent-status state when live data has no agents","duration":127.01620000000548,"failureMessages":[],"meta":{}},{"ancestorTitles":["Monitor.vue"],"fullName":"Monitor.vue does not crash when /api/health fails","status":"passed","title":"does not crash when /api/health fails","duration":56.33380000000034,"failureMessages":[],"meta":{}}],"startTime":1789313896635,"endTime":1789313897696.3337,"status":"passed","message":"","name":"F:/Nexus/MAOP/dashboard-enterprise/src/__tests__/Monitor.test.js"},{"assertionResults":[{"ancestorTitles":["Notifications.vue"],"fullName":"Notifications.vue renders the notifications root element","status":"passed","title":"renders the notifications root element","duration":301.3073000000004,"failureMessages":[],"meta":{}},{"ancestorTitles":["Notifications.vue"],"fullName":"Notifications.vue renders notification items from loaded data","status":"passed","title":"renders notification items from loaded data","duration":189.54230000000098,"failureMessages":[],"meta":{}},{"ancestorTitles":["Notifications.vue"],"fullName":"Notifications.vue shows unread count as the first StatCard value","status":"passed","title":"shows unread count as the first StatCard value","duration":206.21480000000156,"failureMessages":[],"meta":{}},{"ancestorTitles":["Notifications.vue"],"fullName":"Notifications.vue marks a notification as read when the mark-read button is clicked","status":"passed","title":"marks a notification as read when the mark-read button is clicked","duration":134.91049999999814,"failureMessages":[],"meta":{}},{"ancestorTitles":["Notifications.vue"],"fullName":"Notifications.vue shows empty state when no notifications are returned","status":"passed","title":"shows empty state when no notifications are returned","duration":77.0659999999989,"failureMessages":[],"meta":{}},{"ancestorTitles":["Notifications.vue"],"fullName":"Notifications.vue shows error state when the list API fails","status":"passed","title":"shows error state when the list API fails","duration":71.00959999999759,"failureMessages":[],"meta":{}},{"ancestorTitles":["Notifications.vue"],"fullName":"Notifications.vue opens the detail drawer when a notification row is clicked","status":"passed","title":"opens the detail drawer when a notification row is clicked","duration":179.01450000000477,"failureMessages":[],"meta":{}},{"ancestorTitles":["Notifications.vue"],"fullName":"Notifications.vue marks all notifications as read when the mark-all-read button is clicked","status":"passed","title":"marks all notifications as read when the mark-all-read button is clicked","duration":111.62369999999646,"failureMessages":[],"meta":{}},{"ancestorTitles":["Notifications.vue"],"fullName":"Notifications.vue opens the preferences modal and loads channels","status":"passed","title":"opens the preferences modal and loads channels","duration":120.0454000000027,"failureMessages":[],"meta":{}},{"ancestorTitles":["Notifications.vue"],"fullName":"Notifications.vue filters notifications by level select","status":"passed","title":"filters notifications by level select","duration":85.55450000000565,"failureMessages":[],"meta":{}},{"ancestorTitles":["Notifications.vue"],"fullName":"Notifications.vue deletes a notification when the delete button is clicked","status":"passed","title":"deletes a notification when the delete button is clicked","duration":51.40780000000086,"failureMessages":[],"meta":{}},{"ancestorTitles":["Notifications.vue"],"fullName":"Notifications.vue renders level and category badges inside each row","status":"passed","title":"renders level and category badges inside each row","duration":51.05080000000453,"failureMessages":[],"meta":{}}],"startTime":1789313896255,"endTime":1789313897835.0508,"status":"passed","message":"","name":"F:/Nexus/MAOP/dashboard-enterprise/src/__tests__/Notifications.test.js"},{"assertionResults":[{"ancestorTitles":["Observability.vue"],"fullName":"Observability.vue renders the observability-page root element","status":"passed","title":"renders the observability-page root element","duration":148.17280000000028,"failureMessages":[],"meta":{}},{"ancestorTitles":["Observability.vue"],"fullName":"Observability.vue renders the edition and tracing badges in the header","status":"passed","title":"renders the edition and tracing badges in the header","duration":46.310599999997066,"failureMessages":[],"meta":{}},{"ancestorTitles":["Observability.vue"],"fullName":"Observability.vue renders 4 summary stat cards in the metrics grid","status":"passed","title":"renders 4 summary stat cards in the metrics grid","duration":57.390900000005786,"failureMessages":[],"meta":{}},{"ancestorTitles":["Observability.vue"],"fullName":"Observability.vue renders the pipeline status list with 5 rows","status":"passed","title":"renders the pipeline status list with 5 rows","duration":44.30689999999595,"failureMessages":[],"meta":{}},{"ancestorTitles":["Observability.vue"],"fullName":"Observability.vue renders the canonical metrics table with 4 metric rows","status":"passed","title":"renders the canonical metrics table with 4 metric rows","duration":50.81029999999737,"failureMessages":[],"meta":{}},{"ancestorTitles":["Observability.vue"],"fullName":"Observability.vue renders health check rows when /api/observability/health returns checks","status":"passed","title":"renders health check rows when /api/observability/health returns checks","duration":67.82219999999506,"failureMessages":[],"meta":{}},{"ancestorTitles":["Observability.vue"],"fullName":"Observability.vue does not crash when all observability endpoints fail","status":"passed","title":"does not crash when all observability endpoints fail","duration":63.47929999999906,"failureMessages":[],"meta":{}}],"startTime":1789313895796,"endTime":1789313896275.4792,"status":"passed","message":"","name":"F:/Nexus/MAOP/dashboard-enterprise/src/__tests__/Observability.test.js"},{"assertionResults":[{"ancestorTitles":["Overview.vue"],"fullName":"Overview.vue renders the overview root element","status":"passed","title":"renders the overview root element","duration":786.9314000000013,"failureMessages":[],"meta":{}},{"ancestorTitles":["Overview.vue"],"fullName":"Overview.vue shows skeleton loading state on first mount","status":"passed","title":"shows skeleton loading state on first mount","duration":307.6728000000003,"failureMessages":[],"meta":{}},{"ancestorTitles":["Overview.vue"],"fullName":"Overview.vue renders key data points after load","status":"passed","title":"renders key data points after load","duration":126.66560000000027,"failureMessages":[],"meta":{}},{"ancestorTitles":["Overview.vue"],"fullName":"Overview.vue handles empty data without crashing and shows chart EmptyState","status":"passed","title":"handles empty data without crashing and shows chart EmptyState","duration":75.66229999999632,"failureMessages":[],"meta":{}},{"ancestorTitles":["Overview.vue"],"fullName":"Overview.vue shows error card when /api/overview fails","status":"passed","title":"shows error card when /api/overview fails","duration":77.7135999999955,"failureMessages":[],"meta":{}},{"ancestorTitles":["Overview.vue"],"fullName":"Overview.vue reloads data when refresh button is clicked","status":"passed","title":"reloads data when refresh button is clicked","duration":66.3689000000013,"failureMessages":[],"meta":{}}],"startTime":1789313896580,"endTime":1789313898022.369,"status":"passed","message":"","name":"F:/Nexus/MAOP/dashboard-enterprise/src/__tests__/Overview.test.js"},{"assertionResults":[{"ancestorTitles":["Plugins.vue"],"fullName":"Plugins.vue renders the plugins-view root element","status":"passed","title":"renders the plugins-view root element","duration":234.8104999999996,"failureMessages":[],"meta":{}},{"ancestorTitles":["Plugins.vue"],"fullName":"Plugins.vue renders plugin list tab content by default","status":"passed","title":"renders plugin list tab content by default","duration":109.6597000000038,"failureMessages":[],"meta":{}},{"ancestorTitles":["Plugins.vue"],"fullName":"Plugins.vue renders plugin rows when /api/plugins returns data","status":"passed","title":"renders plugin rows when /api/plugins returns data","duration":247.22359999999753,"failureMessages":[],"meta":{}},{"ancestorTitles":["Plugins.vue"],"fullName":"Plugins.vue displays correct state badges for plugins","status":"passed","title":"displays correct state badges for plugins","duration":186.79179999999906,"failureMessages":[],"meta":{}},{"ancestorTitles":["Plugins.vue"],"fullName":"Plugins.vue switches to discover tab when clicked","status":"passed","title":"switches to discover tab when clicked","duration":90.91369999999733,"failureMessages":[],"meta":{}},{"ancestorTitles":["Plugins.vue"],"fullName":"Plugins.vue opens config modal when config button clicked","status":"passed","title":"opens config modal when config button clicked","duration":139.4647000000041,"failureMessages":[],"meta":{}},{"ancestorTitles":["Plugins.vue"],"fullName":"Plugins.vue renders discover list when discover API returns data","status":"passed","title":"renders discover list when discover API returns data","duration":91.8721000000005,"failureMessages":[],"meta":{}},{"ancestorTitles":["Plugins.vue"],"fullName":"Plugins.vue does not crash when API endpoint fails","status":"passed","title":"does not crash when API endpoint fails","duration":68.70620000000054,"failureMessages":[],"meta":{}},{"ancestorTitles":["Plugins.vue"],"fullName":"Plugins.vue renders bulk action buttons in list tab","status":"passed","title":"renders bulk action buttons in list tab","duration":50.36599999999453,"failureMessages":[],"meta":{}}],"startTime":1789313896343,"endTime":1789313897566.366,"status":"passed","message":"","name":"F:/Nexus/MAOP/dashboard-enterprise/src/__tests__/Plugins.test.js"},{"assertionResults":[{"ancestorTitles":["Protocols.vue"],"fullName":"Protocols.vue renders the protocols-view root element","status":"passed","title":"renders the protocols-view root element","duration":193.25770000000193,"failureMessages":[],"meta":{}},{"ancestorTitles":["Protocols.vue"],"fullName":"Protocols.vue renders protocol list tab content by default","status":"passed","title":"renders protocol list tab content by default","duration":92.83380000000034,"failureMessages":[],"meta":{}},{"ancestorTitles":["Protocols.vue"],"fullName":"Protocols.vue renders protocol rows when /api/protocol/list returns data","status":"passed","title":"renders protocol rows when /api/protocol/list returns data","duration":119.88700000000244,"failureMessages":[],"meta":{}},{"ancestorTitles":["Protocols.vue"],"fullName":"Protocols.vue opens register protocol modal when Register button clicked","status":"passed","title":"opens register protocol modal when Register button clicked","duration":234.14010000000417,"failureMessages":[],"meta":{}},{"ancestorTitles":["Protocols.vue"],"fullName":"Protocols.vue switches to messages tab and shows empty state","status":"passed","title":"switches to messages tab and shows empty state","duration":49.16779999999562,"failureMessages":[],"meta":{}},{"ancestorTitles":["Protocols.vue"],"fullName":"Protocols.vue renders messages when /api/protocol/messages returns data","status":"passed","title":"renders messages when /api/protocol/messages returns data","duration":263.3578000000052,"failureMessages":[],"meta":{}},{"ancestorTitles":["Protocols.vue"],"fullName":"Protocols.vue does not crash when /api/protocol/list fails","status":"passed","title":"does not crash when /api/protocol/list fails","duration":51.884500000000116,"failureMessages":[],"meta":{}},{"ancestorTitles":["Protocols.vue"],"fullName":"Protocols.vue reloads protocols when refresh button is clicked","status":"passed","title":"reloads protocols when refresh button is clicked","duration":61.05240000000049,"failureMessages":[],"meta":{}},{"ancestorTitles":["Protocols.vue"],"fullName":"Protocols.vue displays version badge for each protocol","status":"passed","title":"displays version badge for each protocol","duration":84.68440000000555,"failureMessages":[],"meta":{}},{"ancestorTitles":["Protocols.vue"],"fullName":"Protocols.vue shows participant badges in protocol row","status":"passed","title":"shows participant badges in protocol row","duration":114.40770000000339,"failureMessages":[],"meta":{}}],"startTime":1789313896324,"endTime":1789313897589.4077,"status":"passed","message":"","name":"F:/Nexus/MAOP/dashboard-enterprise/src/__tests__/Protocols.test.js"},{"assertionResults":[{"ancestorTitles":["Quotas.vue"],"fullName":"Quotas.vue renders the quotas root element","status":"passed","title":"renders the quotas root element","duration":740.8344999999972,"failureMessages":[],"meta":{}},{"ancestorTitles":["Quotas.vue"],"fullName":"Quotas.vue renders tenant quota cards from loaded data","status":"passed","title":"renders tenant quota cards from loaded data","duration":206.51180000000022,"failureMessages":[],"meta":{}},{"ancestorTitles":["Quotas.vue"],"fullName":"Quotas.vue renders usage progress bars with three-tone classes","status":"passed","title":"renders usage progress bars with three-tone classes","duration":95.04209999999875,"failureMessages":[],"meta":{}},{"ancestorTitles":["Quotas.vue"],"fullName":"Quotas.vue renders overview heatmap cells for each tenant and resource","status":"passed","title":"renders overview heatmap cells for each tenant and resource","duration":84.66670000000158,"failureMessages":[],"meta":{}},{"ancestorTitles":["Quotas.vue"],"fullName":"Quotas.vue marks over-quota tenant card and heatmap cell with over class","status":"passed","title":"marks over-quota tenant card and heatmap cell with over class","duration":61.883499999996275,"failureMessages":[],"meta":{}},{"ancestorTitles":["Quotas.vue"],"fullName":"Quotas.vue shows empty state when no tenants","status":"passed","title":"shows empty state when no tenants","duration":18.871299999998882,"failureMessages":[],"meta":{}},{"ancestorTitles":["Quotas.vue"],"fullName":"Quotas.vue shows error state when tenant list API fails","status":"passed","title":"shows error state when tenant list API fails","duration":15.753700000001118,"failureMessages":[],"meta":{}},{"ancestorTitles":["Quotas.vue"],"fullName":"Quotas.vue opens detail drawer on view detail click and renders alerts","status":"passed","title":"opens detail drawer on view detail click and renders alerts","duration":83.7731000000058,"failureMessages":[],"meta":{}},{"ancestorTitles":["Quotas.vue"],"fullName":"Quotas.vue renders quota change history in detail drawer","status":"passed","title":"renders quota change history in detail drawer","duration":59.70509999999922,"failureMessages":[],"meta":{}},{"ancestorTitles":["Quotas.vue"],"fullName":"Quotas.vue opens adjust quota modal and saves via POST","status":"passed","title":"opens adjust quota modal and saves via POST","duration":90.81699999999546,"failureMessages":[],"meta":{}},{"ancestorTitles":["Quotas.vue"],"fullName":"Quotas.vue resolves an alert via POST","status":"passed","title":"resolves an alert via POST","duration":67.09640000000218,"failureMessages":[],"meta":{}}],"startTime":1789313896634,"endTime":1789313898160.0964,"status":"passed","message":"","name":"F:/Nexus/MAOP/dashboard-enterprise/src/__tests__/Quotas.test.js"},{"assertionResults":[{"ancestorTitles":["RBAC.vue"],"fullName":"RBAC.vue renders the rbac root element","status":"passed","title":"renders the rbac root element","duration":155.71739999999772,"failureMessages":[],"meta":{}},{"ancestorTitles":["RBAC.vue"],"fullName":"RBAC.vue renders role cards from loaded roles","status":"passed","title":"renders role cards from loaded roles","duration":41.97220000000016,"failureMessages":[],"meta":{}},{"ancestorTitles":["RBAC.vue"],"fullName":"RBAC.vue renders the permission matrix table","status":"passed","title":"renders the permission matrix table","duration":52.15810000000056,"failureMessages
[...]
og and posts to rerun endpoint","status":"passed","title":"opens rerun confirm dialog and posts to rerun endpoint","duration":164.46020000000135,"failureMessages":[],"meta":{}},{"ancestorTitles":["Tasks.vue"],"fullName":"Tasks.vue reloads on search input change","status":"passed","title":"reloads on search input change","duration":450.6716000000015,"failureMessages":[],"meta":{}},{"ancestorTitles":["Tasks.vue"],"fullName":"Tasks.vue falls back to agent name when metadata.task is absent","status":"passed","title":"falls back to agent name when metadata.task is absent","duration":24.195800000001327,"failureMessages":[],"meta":{}}],"startTime":1789313896196,"endTime":1789313897840.1958,"status":"passed","message":"","name":"F:/Nexus/MAOP/dashboard-enterprise/src/__tests__/Tasks.test.js"},{"assertionResults":[{"ancestorTitles":["Tenants.vue"],"fullName":"Tenants.vue renders the tenant-page root element","status":"passed","title":"renders the tenant-page root element","duration":117.64050000000134,"failureMessages":[],"meta":{}},{"ancestorTitles":["Tenants.vue"],"fullName":"Tenants.vue renders a tenant card per tenant returned by the API","status":"passed","title":"renders a tenant card per tenant returned by the API","duration":24.81209999999919,"failureMessages":[],"meta":{}},{"ancestorTitles":["Tenants.vue"],"fullName":"Tenants.vue renders the create-tenant button","status":"passed","title":"renders the create-tenant button","duration":21.69340000000011,"failureMessages":[],"meta":{}},{"ancestorTitles":["Tenants.vue"],"fullName":"Tenants.vue opens the create modal when the create button is clicked","status":"passed","title":"opens the create modal when the create button is clicked","duration":27.129499999999098,"failureMessages":[],"meta":{}},{"ancestorTitles":["Tenants.vue"],"fullName":"Tenants.vue does not crash when /api/tenant/list fails","status":"passed","title":"does not crash when /api/tenant/list fails","duration":15.120900000001711,"failureMessages":[],"meta":{}}],"startTime":1789313923010,"endTime":1789313923217.1208,"status":"passed","message":"","name":"F:/Nexus/MAOP/dashboard-enterprise/src/__tests__/Tenants.test.js"},{"assertionResults":[{"ancestorTitles":["ThreeLayerMemory.vue"],"fullName":"ThreeLayerMemory.vue renders the memory-page root element","status":"passed","title":"renders the memory-page root element","duration":184.06360000000132,"failureMessages":[],"meta":{}},{"ancestorTitles":["ThreeLayerMemory.vue"],"fullName":"ThreeLayerMemory.vue renders the three layer cards (working/episodic/semantic)","status":"passed","title":"renders the three layer cards (working/episodic/semantic)","duration":115.1224000000002,"failureMessages":[],"meta":{}},{"ancestorTitles":["ThreeLayerMemory.vue"],"fullName":"ThreeLayerMemory.vue renders the search bar with input and search button","status":"passed","title":"renders the search bar with input and search button","duration":73.9233000000022,"failureMessages":[],"meta":{}},{"ancestorTitles":["ThreeLayerMemory.vue"],"fullName":"ThreeLayerMemory.vue renders memory entry cards when search returns results","status":"passed","title":"renders memory entry cards when search returns results","duration":130.81720000000132,"failureMessages":[],"meta":{}},{"ancestorTitles":["ThreeLayerMemory.vue"],"fullName":"ThreeLayerMemory.vue renders topic chips when stats.by_topic is populated","status":"passed","title":"renders topic chips when stats.by_topic is populated","duration":45.132400000002235,"failureMessages":[],"meta":{}},{"ancestorTitles":["ThreeLayerMemory.vue"],"fullName":"ThreeLayerMemory.vue does not crash when /api/memory/stats fails","status":"passed","title":"does not crash when /api/memory/stats fails","duration":46.12299999999959,"failureMessages":[],"meta":{}}],"startTime":1789313922947,"endTime":1789313923543.123,"status":"passed","message":"","name":"F:/Nexus/MAOP/dashboard-enterprise/src/__tests__/ThreeLayerMemory.test.js"},{"assertionResults":[{"ancestorTitles":["Tools.vue"],"fullName":"Tools.vue renders the tools-view root element","status":"passed","title":"renders the tools-view root element","duration":709.5941999999995,"failureMessages":[],"meta":{}},{"ancestorTitles":["Tools.vue"],"fullName":"Tools.vue renders the skills tab content by default","status":"passed","title":"renders the skills tab content by default","duration":327.3269,"failureMessages":[],"meta":{}},{"ancestorTitles":["Tools.vue"],"fullName":"Tools.vue renders built-in skill fallback cards when /api/skills is empty","status":"passed","title":"renders built-in skill fallback cards when /api/skills is empty","duration":116.87949999999546,"failureMessages":[],"meta":{}},{"ancestorTitles":["Tools.vue"],"fullName":"Tools.vue renders MCP servers list when /api/mcp returns servers","status":"passed","title":"renders MCP servers list when /api/mcp returns servers","duration":83.5306000000055,"failureMessages":[],"meta":{}},{"ancestorTitles":["Tools.vue"],"fullName":"Tools.vue does not crash when all API endpoints fail","status":"passed","title":"does not crash when all API endpoints fail","duration":81.07860000000073,"failureMessages":[],"meta":{}}],"startTime":1789313896660,"endTime":1789313897979.0786,"status":"passed","message":"","name":"F:/Nexus/MAOP/dashboard-enterprise/src/__tests__/Tools.test.js"},{"assertionResults":[{"ancestorTitles":["Users.vue"],"fullName":"Users.vue renders the users root element","status":"passed","title":"renders the users root element","duration":100.58410000000003,"failureMessages":[],"meta":{}},{"ancestorTitles":["Users.vue"],"fullName":"Users.vue renders user rows from loaded data","status":"passed","title":"renders user rows from loaded data","duration":67.39890000000014,"failureMessages":[],"meta":{}},{"ancestorTitles":["Users.vue"],"fullName":"Users.vue shows empty state when no users","status":"passed","title":"shows empty state when no users","duration":26.335399999999936,"failureMessages":[],"meta":{}},{"ancestorTitles":["Users.vue"],"fullName":"Users.vue does not crash when /api/auth/users fails","status":"passed","title":"does not crash when /api/auth/users fails","duration":53.231800000001385,"failureMessages":[],"meta":{}},{"ancestorTitles":["Users.vue"],"fullName":"Users.vue opens edit dialog when edit button is clicked","status":"passed","title":"opens edit dialog when edit button is clicked","duration":61.102100000000064,"failureMessages":[],"meta":{}}],"startTime":1789313922945,"endTime":1789313923254.102,"status":"passed","message":"","name":"F:/Nexus/MAOP/dashboard-enterprise/src/__tests__/Users.test.js"},{"assertionResults":[{"ancestorTitles":["useToast timer cleanup"],"fullName":"useToast timer cleanup show() adds a toast and schedules auto-dismiss via setTimeout","status":"passed","title":"show() adds a toast and schedules auto-dismiss via setTimeout","duration":6.890399999998408,"failureMessages":[],"meta":{}},{"ancestorTitles":["useToast timer cleanup"],"fullName":"useToast timer cleanup dismiss() clears the scheduled timer so it does not leak","status":"passed","title":"dismiss() clears the scheduled timer so it does not leak","duration":6.581600000001345,"failureMessages":[],"meta":{}},{"ancestorTitles":["useToast timer cleanup"],"fullName":"useToast timer cleanup dismiss() is a safe no-op for an unknown id","status":"passed","title":"dismiss() is a safe no-op for an unknown id","duration":0.9894000000003871,"failureMessages":[],"meta":{}},{"ancestorTitles":["useToast timer cleanup"],"fullName":"useToast timer cleanup success/error/warn/info shortcuts set the correct tone","status":"passed","title":"success/error/warn/info shortcuts set the correct tone","duration":0.8137000000006083,"failureMessages":[],"meta":{}},{"ancestorTitles":["useToast timer cleanup"],"fullName":"useToast timer cleanup show() without timeout uses the 3200ms default and auto-dismisses","status":"passed","title":"show() without timeout uses the 3200ms default and auto-dismisses","duration":0.7150000000001455,"failureMessages":[],"meta":{}},{"ancestorTitles":["useToast timer cleanup"],"fullName":"useToast timer cleanup show() with timeout:null falls back to the 3200ms default and auto-dismisses","status":"passed","title":"show() with timeout:null falls back to the 3200ms default and auto-dismisses","duration":0.821300000001429,"failureMessages":[],"meta":{}},{"ancestorTitles":["useToast timer cleanup"],"fullName":"useToast timer cleanup shortcuts pass through extra options (e.g. timeout)","status":"passed","title":"shortcuts pass through extra options (e.g. timeout)","duration":0.6414999999997235,"failureMessages":[],"meta":{}}],"startTime":1789313921833,"endTime":1789313921850.8213,"status":"passed","message":"","name":"F:/Nexus/MAOP/dashboard-enterprise/src/__tests__/useToast.test.js"},{"assertionResults":[{"ancestorTitles":["useWebSocket composable"],"fullName":"useWebSocket composable exposes connected/lastMessage/error refs and send/disconnect functions","status":"passed","title":"exposes connected/lastMessage/error refs and send/disconnect functions","duration":22.155099999999948,"failureMessages":[],"meta":{}},{"ancestorTitles":["useWebSocket composable"],"fullName":"useWebSocket composable defaults: connected=false, lastMessage=null, error=null","status":"passed","title":"defaults: connected=false, lastMessage=null, error=null","duration":3.51549999999952,"failureMessages":[],"meta":{}},{"ancestorTitles":["useWebSocket composable"],"fullName":"useWebSocket composable onopen sets connected=true and clears error","status":"passed","title":"onopen sets connected=true and clears error","duration":2.220100000000457,"failureMessages":[],"meta":{}},{"ancestorTitles":["useWebSocket composable"],"fullName":"useWebSocket composable onmessage parses JSON and sets lastMessage","status":"passed","title":"onmessage parses JSON and sets lastMessage","duration":3.7806000000000495,"failureMessages":[],"meta":{}},{"ancestorTitles":["useWebSocket composable"],"fullName":"useWebSocket composable onmessage falls back to raw string when payload is not JSON","status":"passed","title":"onmessage falls back to raw string when payload is not JSON","duration":2.232299999999668,"failureMessages":[],"meta":{}},{"ancestorTitles":["useWebSocket composable"],"fullName":"useWebSocket composable onclose sets connected=false and schedules reconnect","status":"passed","title":"onclose sets connected=false and schedules reconnect","duration":2.2523999999993976,"failureMessages":[],"meta":{}},{"ancestorTitles":["useWebSocket composable"],"fullName":"useWebSocket composable onerror sets error and connected=false","status":"passed","title":"onerror sets error and connected=false","duration":2.025500000001557,"failureMessages":[],"meta":{}},{"ancestorTitles":["useWebSocket composable"],"fullName":"useWebSocket composable send() sends string data as-is when ws is OPEN","status":"passed","title":"send() sends string data as-is when ws is OPEN","duration":2.040100000000166,"failureMessages":[],"meta":{}},{"ancestorTitles":["useWebSocket composable"],"fullName":"useWebSocket composable send() stringifies objects","status":"passed","title":"send() stringifies objects","duration":2.1077000000004773,"failureMessages":[],"meta":{}},{"ancestorTitles":["useWebSocket composable"],"fullName":"useWebSocket composable send() is a no-op when ws is not OPEN","status":"passed","title":"send() is a no-op when ws is not OPEN","duration":1.394800000000032,"failureMessages":[],"meta":{}},{"ancestorTitles":["useWebSocket composable"],"fullName":"useWebSocket composable disconnect() clears reconnect timer and closes ws","status":"passed","title":"disconnect() clears reconnect timer and closes ws","duration":1.3132000000005064,"failureMessages":[],"meta":{}},{"ancestorTitles":["useWebSocket composable"],"fullName":"useWebSocket composable disconnect() is safe to call when ws is null","status":"passed","title":"disconnect() is safe to call when ws is null","duration":1.0020000000004075,"failureMessages":[],"meta":{}},{"ancestorTitles":["useWebSocket composable"],"fullName":"useWebSocket composable onUnmounted auto-disconnects","status":"passed","title":"onUnmounted auto-disconnects","duration":1.0320000000010623,"failureMessages":[],"meta":{}}],"startTime":1789313921848,"endTime":1789313921895.032,"status":"passed","message":"","name":"F:/Nexus/MAOP/dashboard-enterprise/src/__tests__/useWebSocket.test.js"},{"assertionResults":[{"ancestorTitles":["VectorSearch.vue"],"fullName":"VectorSearch.vue renders the vector search root element","status":"passed","title":"renders the vector search root element","duration":167.571899999999,"failureMessages":[],"meta":{}},{"ancestorTitles":["VectorSearch.vue"],"fullName":"VectorSearch.vue renders stats cards from loaded stats","status":"passed","title":"renders stats cards from loaded stats","duration":78.00250000000233,"failureMessages":[],"meta":{}},{"ancestorTitles":["VectorSearch.vue"],"fullName":"VectorSearch.vue renders result cards after a successful search","status":"passed","title":"renders result cards after a successful search","duration":109.8711000000003,"failureMessages":[],"meta":{}},{"ancestorTitles":["VectorSearch.vue"],"fullName":"VectorSearch.vue shows empty state when search returns no results","status":"passed","title":"shows empty state when search returns no results","duration":63.03029999999853,"failureMessages":[],"meta":{}},{"ancestorTitles":["VectorSearch.vue"],"fullName":"VectorSearch.vue shows inline error when stats API fails","status":"passed","title":"shows inline error when stats API fails","duration":46.19889999999941,"failureMessages":[],"meta":{}}],"startTime":1789313922971,"endTime":1789313923436.199,"status":"passed","message":"","name":"F:/Nexus/MAOP/dashboard-enterprise/src/__tests__/VectorSearch.test.js"},{"assertionResults":[{"ancestorTitles":["WorkflowEditor.vue"],"fullName":"WorkflowEditor.vue renders the workflow root element","status":"passed","title":"renders the workflow root element","duration":115.03080000000045,"failureMessages":[],"meta":{}},{"ancestorTitles":["WorkflowEditor.vue"],"fullName":"WorkflowEditor.vue renders all four node types in the palette","status":"passed","title":"renders all four node types in the palette","duration":35.2510999999995,"failureMessages":[],"meta":{}},{"ancestorTitles":["WorkflowEditor.vue"],"fullName":"WorkflowEditor.vue shows empty state when no nodes exist","status":"passed","title":"shows empty state when no nodes exist","duration":60.11369999999988,"failureMessages":[],"meta":{}},{"ancestorTitles":["WorkflowEditor.vue"],"fullName":"WorkflowEditor.vue adds a node to the canvas via addNode()","status":"passed","title":"adds a node to the canvas via addNode()","duration":52.28240000000005,"failureMessages":[],"meta":{}},{"ancestorTitles":["WorkflowEditor.vue"],"fullName":"WorkflowEditor.vue shows inspector form when a node is selected","status":"passed","title":"shows inspector form when a node is selected","duration":42.48960000000079,"failureMessages":[],"meta":{}},{"ancestorTitles":["WorkflowEditor.vue"],"fullName":"WorkflowEditor.vue deletes the selected node","status":"passed","title":"deletes the selected node","duration":57.67309999999998,"failureMessages":[],"meta":{}},{"ancestorTitles":["WorkflowEditor.vue"],"fullName":"WorkflowEditor.vue exports DAG JSON with nodes and edges","status":"passed","title":"exports DAG JSON with nodes and edges","duration":33.006500000001324,"failureMessages":[],"meta":{}},{"ancestorTitles":["WorkflowEditor.vue"],"fullName":"WorkflowEditor.vue imports DAG JSON via importDag()","status":"passed","title":"imports DAG JSON via importDag()","duration":34.30659999999989,"failureMessages":[],"meta":{}},{"ancestorTitles":["WorkflowEditor.vue"],"fullName":"WorkflowEditor.vue calls POST /api/dag/execute on execute","status":"passed","title":"calls POST /api/dag/execute on execute","duration":38.90110000000095,"failureMessages":[],"meta":{}},{"ancestorTitles":["WorkflowEditor.vue"],"fullName":"WorkflowEditor.vue rejects self-loop edges","status":"passed","title":"rejects self-loop edges","duration":26.177700000000186,"failureMessages":[],"meta":{}},{"ancestorTitles":["WorkflowEditor.vue"],"fullName":"WorkflowEditor.vue rejects duplicate edges","status":"passed","title":"rejects duplicate edges","duration":38.80190000000039,"failureMessages":[],"meta":{}},{"ancestorTitles":["WorkflowEditor.vue"],"fullName":"WorkflowEditor.vue clears all nodes and edges via clearAll()","status":"passed","title":"clears all nodes and edges via clearAll()","duration":37.44130000000041,"failureMessages":[],"meta":{}},{"ancestorTitles":["WorkflowEditor.vue"],"fullName":"WorkflowEditor.vue updates node label via inspector input","status":"passed","title":"updates node label via inspector input","duration":35.17500000000109,"failureMessages":[],"meta":{}},{"ancestorTitles":["WorkflowEditor.vue"],"fullName":"WorkflowEditor.vue displays node and edge counts in the toolbar","status":"passed","title":"displays node and edge counts in the toolbar","duration":23.606800000001385,"failureMessages":[],"meta":{}},{"ancestorTitles":["WorkflowEditor.vue"],"fullName":"WorkflowEditor.vue disables execute button when there are no nodes","status":"passed","title":"disables execute button when there are no nodes","duration":17.179599999999482,"failureMessages":[],"meta":{}}],"startTime":1789313920769,"endTime":1789313921417.1797,"status":"passed","message":"","name":"F:/Nexus/MAOP/dashboard-enterprise/src/__tests__/WorkflowEditor.test.js"},{"assertionResults":[{"ancestorTitles":["Worktrees.vue"],"fullName":"Worktrees.vue renders the wt-view root element","status":"passed","title":"renders the wt-view root element","duration":129.51450000000114,"failureMessages":[],"meta":{}},{"ancestorTitles":["Worktrees.vue"],"fullName":"Worktrees.vue renders empty state when no branches exist","status":"passed","title":"renders empty state when no branches exist","duration":32.662200000002485,"failureMessages":[],"meta":{}},{"ancestorTitles":["Worktrees.vue"],"fullName":"Worktrees.vue renders branch rows when /api/worktree/list returns data","status":"passed","title":"renders branch rows when /api/worktree/list returns data","duration":74.90560000000187,"failureMessages":[],"meta":{}},{"ancestorTitles":["Worktrees.vue"],"fullName":"Worktrees.vue opens create-root modal when Create Root button clicked","status":"passed","title":"opens create-root modal when Create Root button clicked","duration":58.88550000000032,"failureMessages":[],"meta":{}},{"ancestorTitles":["Worktrees.vue"],"fullName":"Worktrees.vue opens branch modal when branch button on a row clicked","status":"passed","title":"opens branch modal when branch button on a row clicked","duration":57.949500000002445,"failureMessages":[],"meta":{}},{"ancestorTitles":["Worktrees.vue"],"fullName":"Worktrees.vue shows error state when API fails","status":"passed","title":"shows error state when API fails","duration":33.412100000001374,"failureMessages":[],"meta":{}},{"ancestorTitles":["Worktrees.vue"],"fullName":"Worktrees.vue displays active badge for active branches","status":"passed","title":"displays active badge for active branches","duration":69.35759999999937,"failureMessages":[],"meta":{}},{"ancestorTitles":["Worktrees.vue"],"fullName":"Worktrees.vue passes active_only query param when toggle is checked","status":"passed","title":"passes active_only query param when toggle is checked","duration":29.90859999999884,"failureMessages":[],"meta":{}},{"ancestorTitles":["Worktrees.vue"],"fullName":"Worktrees.vue does not crash when list endpoint returns malformed data","status":"passed","title":"does not crash when list endpoint returns malformed data","duration":15.22559999999794,"failureMessages":[],"meta":{}}],"startTime":1789313922975,"endTime":1789313923477.2256,"status":"passed","message":"","name":"F:/Nexus/MAOP/dashboard-enterprise/src/__tests__/Worktrees.test.js"}]}